XMLReader::read() warning- attribute 'eps-tolerance' in tag 'GeneralizedCCD' not processed
XMLReader::read() warning- attribute 'id' in tag 'GeneralizedCCD' not processed
XMLReader::read() warning- attribute 'id' in tag 'CollisionDetectionPlugin' not processed
XMLReader::read() warning- attribute 'plugin' in tag 'CollisionDetectionPlugin' not processed
XMLReader::read() warning- attribute 'collision-detector-id' in tag 'EventDrivenSimulator' not processed
XMLReader::read() warning- attribute 'rotate' in tag 'RCArticulatedBody' not processed
XMLReader::read() warning- attribute 'body-id' in tag 'Body' not processed
XMLReader::read() warning- attribute 'body-id' in tag 'Body' not processed
XMLReader::read() warning- attribute 'object1-id' in tag 'DisabledPair' not processed
XMLReader::read() warning- attribute 'object2-id' in tag 'DisabledPair' not processed
XMLReader::read() warning- attribute 'body-id' in tag 'Body' not processed
XMLReader::read() warning- attribute 'body-id' in tag 'Body' not processed
XMLReader::read() warning- attribute 'object1-id' in tag 'DisabledPair' not processed
XMLReader::read() warning- attribute 'object2-id' in tag 'DisabledPair' not processed
XMLReader::read() warning- attribute 'axis' in tag 'FixedJoint' not processed
acceleration (during integration)(empty) 
velocity (before integration)(empty) 
velocity (after integration)(empty) 
acceleration (during integration)[-2.1555145e-13, 2.1555145e-13, 5.6204868e-13, -5.6204868e-13, -9.6028811e-14, 9.6028811e-14, -3.8472568e-13, 3.8472568e-13, 2.4691834e-13, -2.4691834e-13, -1.5878963e-13, 1.5878963e-13, 1.8541638e-14, 0, -9.81, 0, -1.1036091e-13, 0] 
velocity (before integration)[0, 0, 0, 0, 0, 0, 0, 0, 0, 0, 0, 0, 0, 0, 0, 0, 0, 0] 
velocity (after integration)[-2.1555145e-16, 2.1555145e-16, 5.6204868e-16, -5.6204868e-16, -9.6028811e-17, 9.6028811e-17, -3.8472568e-16, 3.8472568e-16, 2.4691834e-16, -2.4691834e-16, -1.5878963e-16, 1.5878963e-16, 1.8541638e-17, 0, -0.00981, 0, -1.1036091e-16, 0] 
Entered Quadruped::control(.)
libc++abi.dylib: terminating with uncaught exception of type Ravelin::MissizeException: Matrix / vector size mismatch
