STARTING MOBY PLUGIN
STARTING ROBOT
ROBOT INITED
timing_CFQP1 0.268 4 0.0002
timing_CFQP1 0.251 4 0.0003
timing_CFQP1 0.23 4 0.0004
timing_CFQP1 0.294 4 0.0005
timing_CFQP1 0.302 4 0.0006
timing_CFQP1 0.294 4 0.0007
timing_CFQP1 0.226 4 0.0008
timing_CFQP1 0.232 4 0.0009
timing_CFQP1 0.255 4 0.001
timing_CFQP1 0.247 4 0.0011
timing_CFQP1 0.232 4 0.0012
timing_CFQP1 0.229 4 0.0013
timing_CFQP1 0.237 4 0.0014
timing_CFQP1 0.239 4 0.0015
timing_CFQP1 0.239 4 0.0016
timing_CFQP1 0.242 4 0.0017
timing_CFQP1 0.237 4 0.0018
timing_CFQP1 0.289 4 0.0019
timing_CFQP1 0.229 4 0.002
timing_CFQP1 0.338 4 0.0021
timing_CFQP1 0.289 4 0.0022
timing_CFQP1 0.289 4 0.0023
timing_CFQP1 0.288 4 0.0024
timing_CFQP1 0.29 4 0.0025
timing_CFQP1 0.288 4 0.0026
timing_CFQP1 0.307 4 0.0027
timing_CFQP1 0.287 4 0.0028
timing_CFQP1 0.298 4 0.0029
timing_CFQP1 0.281 4 0.003
timing_CFQP1 0.289 4 0.0031
timing_CFQP1 0.678 4 0.0032
timing_CFQP1 0.304 4 0.0033
timing_CFQP1 0.288 4 0.0034
timing_CFQP1 0.288 4 0.0035
timing_CFQP1 0.291 4 0.0036
timing_CFQP1 0.279 4 0.0037
timing_CFQP1 0.546 4 0.0038
timing_CFQP1 0.27 4 0.0039
timing_CFQP1 0.298 2 0.0041
timing_CFQP1 0.252 2 0.0042
timing_CFQP1 0.263 2 0.0043
timing_CFQP1 0.26 2 0.0044
timing_CFQP1 0.302 2 0.0045
timing_CFQP1 0.254 2 0.0046
timing_CFQP1 0.26 2 0.0047
timing_CFQP1 0.265 2 0.0048
timing_CFQP1 0.262 2 0.0049
timing_CFQP1 0.26 2 0.005
timing_CFQP1 0.261 2 0.0051
timing_CFQP1 0.254 2 0.0052
timing_CFQP1 0.265 2 0.0053
timing_CFQP1 0.31 2 0.0054
timing_CFQP1 0.258 2 0.0055
timing_CFQP1 0.263 2 0.0056
timing_CFQP1 0.27 2 0.0057
timing_CFQP1 0.262 2 0.0058
timing_CFQP1 0.264 2 0.0059
timing_CFQP1 0.262 2 0.006
timing_CFQP1 0.26 2 0.0061
timing_CFQP1 0.262 2 0.0062
timing_CFQP1 0.264 2 0.0063
timing_CFQP1 0.213 2 0.0064
timing_CFQP1 0.218 2 0.0065
timing_CFQP1 0.262 2 0.0066
timing_CFQP1 0.24 2 0.0067
timing_CFQP1 0.266 2 0.0068
timing_CFQP1 0.246 2 0.0069
timing_CFQP1 0.27 2 0.007
timing_CFQP1 0.25 2 0.0071
timing_CFQP1 0.217 2 0.0072
timing_CFQP1 0.325 2 0.0073
timing_CFQP1 0.27 2 0.0074
timing_CFQP1 0.211 2 0.0075
timing_CFQP1 0.225 2 0.0076
timing_CFQP1 0.227 2 0.0077
timing_CFQP1 0.537 2 0.0078
timing_CFQP1 0.244 2 0.0079
timing_CFQP1 0.248 2 0.008
timing_CFQP1 0.291 2 0.0081
timing_CFQP1 0.322 2 0.0082
timing_CFQP1 0.274 2 0.0083
timing_CFQP1 0.241 2 0.0084
timing_CFQP1 0.287 2 0.0085
timing_CFQP1 0.296 2 0.0086
timing_CFQP1 0.253 2 0.0087
timing_CFQP1 0.226 2 0.0088
timing_CFQP1 0.254 2 0.0089
timing_CFQP1 0.292 2 0.009
timing_CFQP1 0.269 2 0.0091
timing_CFQP1 0.252 2 0.0092
timing_CFQP1 0.253 2 0.0093
timing_CFQP1 0.273 2 0.0094
timing_CFQP1 0.254 2 0.0095
timing_CFQP1 0.272 2 0.0096
timing_CFQP1 0.282 2 0.0097
timing_CFQP1 0.252 2 0.0098
timing_CFQP1 0.272 2 0.0099
timing_CFQP1 0.271 2 0.01
timing_CFQP1 0.212 2 0.0101
timing_CFQP1 0.269 2 0.0102
timing_CFQP1 0.267 2 0.0103
timing_CFQP1 0.264 2 0.0104
timing_CFQP1 0.251 2 0.0105
timing_CFQP1 0.238 2 0.0106
timing_CFQP1 0.299 2 0.0107
timing_CFQP1 0.269 2 0.0108
timing_CFQP1 0.269 2 0.0109
timing_CFQP1 0.269 2 0.011
timing_CFQP1 0.273 2 0.0111
timing_CFQP1 0.257 2 0.0112
timing_CFQP1 0.277 2 0.0113
timing_CFQP1 0.266 2 0.0114
timing_CFQP1 0.209 2 0.0115
timing_CFQP1 0.269 2 0.0116
timing_CFQP1 0.279 2 0.0117
timing_CFQP1 0.264 2 0.0118
timing_CFQP1 0.253 2 0.0119
timing_CFQP1 0.264 2 0.012
timing_CFQP1 0.266 2 0.0121
timing_CFQP1 0.199 2 0.0122
timing_CFQP1 0.208 2 0.0123
timing_CFQP1 0.272 2 0.0124
timing_CFQP1 0.269 2 0.0125
timing_CFQP1 0.325 2 0.0126
timing_CFQP1 0.264 2 0.0127
timing_CFQP1 0.271 2 0.0128
timing_CFQP1 0.261 2 0.0129
timing_CFQP1 0.267 2 0.013
timing_CFQP1 0.283 2 0.0131
timing_CFQP1 0.264 2 0.0132
timing_CFQP1 0.262 2 0.0133
timing_CFQP1 0.268 2 0.0134
timing_CFQP1 0.262 2 0.0135
timing_CFQP1 0.271 2 0.0136
timing_CFQP1 0.27 2 0.0137
timing_CFQP1 0.263 2 0.0138
timing_CFQP1 0.277 2 0.0139
timing_CFQP1 0.258 2 0.014
timing_CFQP1 0.193 2 0.0141
timing_CFQP1 0.268 2 0.0142
timing_CFQP1 0.27 2 0.0143
timing_CFQP1 0.268 2 0.0144
timing_CFQP1 0.275 2 0.0145
timing_CFQP1 0.318 2 0.0146
timing_CFQP1 0.282 2 0.0147
timing_CFQP1 0.256 2 0.0148
timing_CFQP1 0.265 2 0.0149
timing_CFQP1 0.269 2 0.015
timing_CFQP1 0.266 2 0.0151
timing_CFQP1 0.265 2 0.0152
timing_CFQP1 0.268 2 0.0153
timing_CFQP1 0.264 2 0.0154
timing_CFQP1 0.27 2 0.0155
timing_CFQP1 0.337 2 0.0156
timing_CFQP1 0.272 2 0.0157
timing_CFQP1 0.26 2 0.0158
timing_CFQP1 0.264 2 0.0159
timing_CFQP1 0.266 2 0.016
timing_CFQP1 0.263 2 0.0161
timing_CFQP1 0.267 2 0.0162
timing_CFQP1 0.266 2 0.0163
timing_CFQP1 0.252 2 0.0164
timing_CFQP1 0.269 2 0.0165
timing_CFQP1 0.263 2 0.0166
timing_CFQP1 0.264 2 0.0167
timing_CFQP1 0.265 2 0.0168
timing_CFQP1 0.309 2 0.0169
timing_CFQP1 0.196 2 0.017
timing_CFQP1 0.27 2 0.0171
timing_CFQP1 0.266 2 0.0172
timing_CFQP1 0.265 2 0.0173
timing_CFQP1 0.293 2 0.0174
timing_CFQP1 0.27 2 0.0175
timing_CFQP1 0.268 2 0.0176
timing_CFQP1 0.267 2 0.0177
timing_CFQP1 0.214 2 0.0178
timing_CFQP1 0.269 2 0.0179
timing_CFQP1 0.267 2 0.018
timing_CFQP1 0.281 2 0.0181
timing_CFQP1 0.27 2 0.0182
timing_CFQP1 0.265 2 0.0183
timing_CFQP1 0.271 2 0.0184
timing_CFQP1 0.265 2 0.0185
timing_CFQP1 0.266 2 0.0186
timing_CFQP1 0.266 2 0.0187
timing_CFQP1 0.268 2 0.0188
timing_CFQP1 0.267 2 0.0189
timing_CFQP1 0.268 2 0.019
timing_CFQP1 0.266 2 0.0191
timing_CFQP1 0.266 2 0.0192
timing_CFQP1 0.263 2 0.0193
timing_CFQP1 0.266 2 0.0194
timing_CFQP1 0.261 2 0.0195
timing_CFQP1 0.269 2 0.0196
timing_CFQP1 0.269 2 0.0197
timing_CFQP1 0.266 2 0.0198
timing_CFQP1 0.244 2 0.0199
timing_CFQP1 0.265 2 0.02
timing_CFQP1 0.271 2 0.0201
timing_CFQP1 0.265 2 0.0202
timing_CFQP1 0.264 2 0.0203
timing_CFQP1 0.268 2 0.0204
timing_CFQP1 0.269 2 0.0205
timing_CFQP1 0.198 2 0.0206
timing_CFQP1 0.265 2 0.0207
timing_CFQP1 0.265 2 0.0208
timing_CFQP1 0.263 2 0.0209
timing_CFQP1 0.349 2 0.021
timing_CFQP1 0.271 2 0.0211
timing_CFQP1 0.265 2 0.0212
timing_CFQP1 0.264 2 0.0213
timing_CFQP1 0.269 2 0.0214
timing_CFQP1 0.268 2 0.0215
timing_CFQP1 0.266 2 0.0216
timing_CFQP1 0.269 2 0.0217
timing_CFQP1 0.267 2 0.0218
timing_CFQP1 0.343 2 0.0219
timing_CFQP1 0.267 2 0.022
timing_CFQP1 0.268 2 0.0221
timing_CFQP1 0.227 2 0.0222
timing_CFQP1 0.266 2 0.0223
timing_CFQP1 0.267 2 0.0224
timing_CFQP1 0.263 2 0.0225
timing_CFQP1 0.211 2 0.0226
timing_CFQP1 0.263 2 0.0227
timing_CFQP1 0.266 2 0.0228
timing_CFQP1 0.203 2 0.0229
timing_CFQP1 0.214 2 0.023
timing_CFQP1 0.27 2 0.0231
timing_CFQP1 0.269 2 0.0232
timing_CFQP1 0.259 2 0.0233
timing_CFQP1 0.261 2 0.0234
timing_CFQP1 0.264 2 0.0235
timing_CFQP1 0.197 2 0.0236
timing_CFQP1 0.267 2 0.0237
timing_CFQP1 0.263 2 0.0238
timing_CFQP1 0.261 2 0.0239
timing_CFQP1 0.227 2 0.024
timing_CFQP1 0.264 2 0.0242
timing_CFQP1 0.262 2 0.0244
timing_CFQP1 0.27 2 0.0245
timing_CFQP1 0.269 2 0.0247
timing_CFQP1 0.263 2 0.0248
timing_CFQP1 1.528 2 0.0249
timing_CFQP1 0.264 2 0.025
timing_CFQP1 0.253 2 0.0251
timing_CFQP1 0.268 2 0.0252
timing_CFQP1 0.265 2 0.0253
timing_CFQP1 0.26 2 0.0254
timing_CFQP1 0.257 2 0.0255
timing_CFQP1 0.266 2 0.0256
timing_CFQP1 0.264 2 0.0257
timing_CFQP1 0.273 2 0.0258
timing_CFQP1 0.265 2 0.0259
timing_CFQP1 0.265 2 0.026
timing_CFQP1 0.264 2 0.0261
timing_CFQP1 0.266 2 0.0262
timing_CFQP1 0.261 2 0.0263
timing_CFQP1 0.263 2 0.0264
timing_CFQP1 0.268 2 0.0265
timing_CFQP1 0.193 2 0.0266
timing_CFQP1 0.256 2 0.0267
timing_CFQP1 0.267 2 0.0268
timing_CFQP1 0.269 2 0.0269
timing_CFQP1 0.266 2 0.027
timing_CFQP1 0.265 2 0.0271
timing_CFQP1 0.268 2 0.0272
timing_CFQP1 0.293 2 0.0273
timing_CFQP1 0.269 2 0.0274
timing_CFQP1 0.264 2 0.0275
timing_CFQP1 0.351 2 0.0276
timing_CFQP1 0.284 2 0.0277
timing_CFQP1 0.265 2 0.0278
timing_CFQP1 0.196 2 0.0279
timing_CFQP1 0.26 2 0.028
timing_CFQP1 0.265 2 0.0281
timing_CFQP1 0.266 2 0.0282
timing_CFQP1 0.267 2 0.0283
timing_CFQP1 0.278 2 0.0284
timing_CFQP1 0.26 2 0.0285
timing_CFQP1 0.291 2 0.0286
timing_CFQP1 0.26 2 0.0287
timing_CFQP1 0.266 2 0.0288
timing_CFQP1 0.266 2 0.0289
timing_CFQP1 0.306 2 0.029
timing_CFQP1 0.261 2 0.0291
timing_CFQP1 0.266 2 0.0292
timing_CFQP1 0.263 2 0.0293
timing_CFQP1 0.253 2 0.0294
timing_CFQP1 0.267 2 0.0295
timing_CFQP1 0.265 2 0.0296
timing_CFQP1 0.259 2 0.0297
timing_CFQP1 0.267 2 0.0298
timing_CFQP1 0.266 2 0.0299
timing_CFQP1 0.268 2 0.03
timing_CFQP1 0.265 2 0.0301
timing_CFQP1 0.24 2 0.0302
timing_CFQP1 0.269 2 0.0303
timing_CFQP1 0.265 2 0.0304
timing_CFQP1 0.237 2 0.0305
timing_CFQP1 0.268 2 0.0306
timing_CFQP1 0.269 2 0.0307
timing_CFQP1 0.329 2 0.0308
timing_CFQP1 0.264 2 0.0309
timing_CFQP1 0.268 2 0.031
timing_CFQP1 0.281 2 0.0311
timing_CFQP1 0.243 2 0.0312
timing_CFQP1 0.266 2 0.0313
timing_CFQP1 0.294 2 0.0314
timing_CFQP1 0.229 2 0.0315
timing_CFQP1 0.27 2 0.0316
timing_CFQP1 0.266 2 0.0317
timing_CFQP1 0.27 2 0.0318
timing_CFQP1 0.27 2 0.0319
timing_CFQP1 0.267 2 0.032
timing_CFQP1 0.272 2 0.0321
timing_CFQP1 0.269 2 0.0322
timing_CFQP1 0.268 2 0.0323
timing_CFQP1 0.273 2 0.0324
timing_CFQP1 0.266 2 0.0325
timing_CFQP1 0.273 2 0.0326
timing_CFQP1 0.275 2 0.0327
timing_CFQP1 0.259 2 0.0328
timing_CFQP1 0.272 2 0.0329
timing_CFQP1 0.273 2 0.033
timing_CFQP1 0.271 2 0.0331
timing_CFQP1 0.22 2 0.0332
timing_CFQP1 0.26 2 0.0333
timing_CFQP1 0.271 2 0.0334
timing_CFQP1 0.257 2 0.0335
timing_CFQP1 0.28 2 0.0336
timing_CFQP1 0.334 2 0.0337
timing_CFQP1 0.436 2 0.0338
timing_CFQP1 0.236 2 0.0339
timing_CFQP1 0.266 2 0.034
timing_CFQP1 0.217 2 0.0341
timing_CFQP1 0.27 2 0.0342
timing_CFQP1 0.279 2 0.0343
timing_CFQP1 0.26 2 0.0344
timing_CFQP1 0.265 2 0.0345
timing_CFQP1 0.268 2 0.0346
timing_CFQP1 0.259 2 0.0347
timing_CFQP1 0.196 2 0.0348
timing_CFQP1 0.267 2 0.0349
timing_CFQP1 0.261 2 0.035
timing_CFQP1 0.26 2 0.0351
timing_CFQP1 0.263 2 0.0352
timing_CFQP1 0.255 2 0.0353
timing_CFQP1 0.325 2 0.0354
timing_CFQP1 0.183 2 0.0355
timing_CFQP1 0.264 2 0.0356
timing_CFQP1 0.269 2 0.0357
timing_CFQP1 0.25 2 0.0358
timing_CFQP1 0.262 2 0.0359
timing_CFQP1 0.263 2 0.036
timing_CFQP1 0.255 2 0.0361
timing_CFQP1 0.26 2 0.0362
timing_CFQP1 0.269 2 0.0363
timing_CFQP1 0.267 2 0.0364
timing_CFQP1 0.263 2 0.0365
timing_CFQP1 0.266 2 0.0366
timing_CFQP1 0.266 2 0.0367
timing_CFQP1 0.268 2 0.0368
timing_CFQP1 0.258 2 0.0369
timing_CFQP1 0.262 2 0.037
timing_CFQP1 0.261 2 0.0371
timing_CFQP1 0.267 2 0.0372
timing_CFQP1 0.267 2 0.0373
timing_CFQP1 0.265 2 0.0374
timing_CFQP1 0.265 2 0.0375
timing_CFQP1 0.266 2 0.0376
timing_CFQP1 0.274 2 0.0377
timing_CFQP1 0.266 2 0.0378
timing_CFQP1 0.275 2 0.0379
timing_CFQP1 0.319 2 0.038
timing_CFQP1 0.269 2 0.0381
timing_CFQP1 0.272 2 0.0382
timing_CFQP1 0.215 2 0.0383
timing_CFQP1 0.265 2 0.0384
timing_CFQP1 0.264 2 0.0385
timing_CFQP1 0.266 2 0.0386
timing_CFQP1 0.223 2 0.0387
timing_CFQP1 0.272 2 0.0388
timing_CFQP1 0.269 2 0.0389
timing_CFQP1 0.22 2 0.039
timing_CFQP1 0.265 2 0.0391
timing_CFQP1 0.277 2 0.0392
timing_CFQP1 0.266 2 0.0393
timing_CFQP1 0.264 2 0.0394
timing_CFQP1 0.275 2 0.0395
timing_CFQP1 0.254 2 0.0396
timing_CFQP1 0.269 2 0.0397
timing_CFQP1 0.292 2 0.0398
timing_CFQP1 0.225 2 0.0399
timing_CFQP1 0.221 2 0.04
timing_CFQP1 0.273 2 0.0401
timing_CFQP1 0.266 2 0.0402
timing_CFQP1 0.336 2 0.0403
timing_CFQP1 0.271 2 0.0404
timing_CFQP1 0.269 2 0.0405
timing_CFQP1 0.259 2 0.0406
timing_CFQP1 0.26 2 0.0407
timing_CFQP1 0.265 2 0.0408
timing_CFQP1 0.266 2 0.0409
timing_CFQP1 0.264 2 0.041
timing_CFQP1 0.269 2 0.0411
timing_CFQP1 0.268 2 0.0412
timing_CFQP1 0.269 2 0.0413
timing_CFQP1 0.269 2 0.0414
timing_CFQP1 0.266 2 0.0415
timing_CFQP1 0.269 2 0.0416
timing_CFQP1 0.263 2 0.0417
timing_CFQP1 0.287 2 0.0418
timing_CFQP1 0.27 2 0.0419
timing_CFQP1 0.239 2 0.042
timing_CFQP1 0.271 2 0.0421
timing_CFQP1 0.267 2 0.0422
timing_CFQP1 0.263 2 0.0423
timing_CFQP1 0.268 2 0.0424
timing_CFQP1 0.214 2 0.0425
timing_CFQP1 0.226 2 0.0426
timing_CFQP1 0.256 2 0.0427
timing_CFQP1 0.263 2 0.0428
timing_CFQP1 0.311 2 0.0429
timing_CFQP1 0.269 2 0.043
timing_CFQP1 0.265 2 0.0431
timing_CFQP1 0.26 2 0.0432
timing_CFQP1 0.268 2 0.0433
timing_CFQP1 0.264 2 0.0434
timing_CFQP1 0.204 2 0.0435
timing_CFQP1 0.192 2 0.0436
timing_CFQP1 0.27 2 0.0437
timing_CFQP1 0.265 2 0.0438
timing_CFQP1 0.385 2 0.0439
timing_CFQP1 0.268 2 0.044
timing_CFQP1 0.269 2 0.0441
timing_CFQP1 0.27 2 0.0442
timing_CFQP1 0.271 2 0.0443
timing_CFQP1 0.261 2 0.0444
timing_CFQP1 0.266 2 0.0445
timing_CFQP1 0.269 2 0.0446
timing_CFQP1 0.273 2 0.0447
timing_CFQP1 0.268 2 0.0448
timing_CFQP1 0.269 2 0.0449
timing_CFQP1 0.267 2 0.045
timing_CFQP1 0.267 2 0.0451
timing_CFQP1 0.271 2 0.0452
timing_CFQP1 0.271 2 0.0453
timing_CFQP1 0.257 2 0.0454
timing_CFQP1 0.271 2 0.0455
timing_CFQP1 0.269 2 0.0456
timing_CFQP1 0.275 2 0.0457
timing_CFQP1 0.271 2 0.0458
timing_CFQP1 0.279 2 0.0459
timing_CFQP1 0.242 2 0.046
timing_CFQP1 0.274 2 0.0461
timing_CFQP1 0.261 2 0.0462
timing_CFQP1 0.265 2 0.0463
timing_CFQP1 0.206 2 0.0464
timing_CFQP1 0.198 2 0.0465
timing_CFQP1 0.271 2 0.0466
timing_CFQP1 0.212 2 0.0467
timing_CFQP1 0.271 2 0.0468
timing_CFQP1 0.266 2 0.0469
timing_CFQP1 0.267 2 0.047
timing_CFQP1 0.269 2 0.0471
timing_CFQP1 0.264 2 0.0472
timing_CFQP1 0.27 2 0.0473
timing_CFQP1 0.256 2 0.0474
timing_CFQP1 0.263 2 0.0475
timing_CFQP1 0.274 2 0.0476
timing_CFQP1 0.272 2 0.0477
timing_CFQP1 0.279 2 0.0478
timing_CFQP1 0.27 2 0.0479
timing_CFQP1 0.253 2 0.048
timing_CFQP1 0.265 2 0.0481
timing_CFQP1 0.313 2 0.0482
timing_CFQP1 0.266 2 0.0483
timing_CFQP1 0.265 2 0.0484
timing_CFQP1 0.267 2 0.0485
timing_CFQP1 0.265 2 0.0486
timing_CFQP1 0.269 2 0.0487
timing_CFQP1 0.254 2 0.0488
timing_CFQP1 0.298 2 0.0489
timing_CFQP1 0.273 2 0.049
timing_CFQP1 0.272 2 0.0491
timing_CFQP1 0.276 2 0.0492
timing_CFQP1 0.291 2 0.0493
timing_CFQP1 0.274 2 0.0494
timing_CFQP1 0.206 2 0.0495
timing_CFQP1 0.269 2 0.0496
timing_CFQP1 0.274 2 0.0497
timing_CFQP1 0.275 2 0.0498
timing_CFQP1 0.273 2 0.0499
timing_CFQP1 0.33 2 0.05
timing_CFQP1 0.271 2 0.0501
timing_CFQP1 0.267 2 0.0502
timing_CFQP1 0.257 2 0.0503
timing_CFQP1 0.213 2 0.0504
timing_CFQP1 0.27 2 0.0505
timing_CFQP1 0.248 2 0.0506
timing_CFQP1 0.269 2 0.0507
timing_CFQP1 0.257 2 0.0508
timing_CFQP1 0.275 2 0.0509
timing_CFQP1 0.266 2 0.051
timing_CFQP1 0.268 2 0.0511
timing_CFQP1 0.294 2 0.0512
timing_CFQP1 0.268 2 0.0513
timing_CFQP1 0.269 2 0.0514
timing_CFQP1 0.27 2 0.0515
timing_CFQP1 0.266 2 0.0516
timing_CFQP1 0.265 2 0.0517
timing_CFQP1 0.28 2 0.0518
timing_CFQP1 0.269 2 0.0519
timing_CFQP1 0.272 2 0.052
timing_CFQP1 0.27 2 0.0521
timing_CFQP1 0.25 2 0.0522
timing_CFQP1 0.27 2 0.0523
timing_CFQP1 0.268 2 0.0524
timing_CFQP1 0.266 2 0.0525
timing_CFQP1 0.269 2 0.0526
timing_CFQP1 0.266 2 0.0527
timing_CFQP1 0.382 2 0.0528
timing_CFQP1 0.222 2 0.0529
timing_CFQP1 0.216 2 0.053
timing_CFQP1 0.207 2 0.0531
timing_CFQP1 0.266 2 0.0532
timing_CFQP1 0.265 2 0.0533
timing_CFQP1 0.266 2 0.0534
timing_CFQP1 0.272 2 0.0535
timing_CFQP1 0.253 2 0.0536
timing_CFQP1 0.27 2 0.0537
timing_CFQP1 0.269 2 0.0538
timing_CFQP1 0.27 2 0.0539
timing_CFQP1 0.337 2 0.054
timing_CFQP1 0.265 2 0.0541
timing_CFQP1 0.278 2 0.0542
timing_CFQP1 0.264 2 0.0543
timing_CFQP1 0.262 2 0.0544
timing_CFQP1 0.317 2 0.0545
timing_CFQP1 0.271 2 0.0546
timing_CFQP1 0.297 2 0.0547
timing_CFQP1 0.265 2 0.0548
timing_CFQP1 0.264 2 0.0549
timing_CFQP1 0.269 2 0.055
timing_CFQP1 0.22 2 0.0551
timing_CFQP1 0.264 2 0.0552
timing_CFQP1 0.261 2 0.0553
timing_CFQP1 0.273 2 0.0554
timing_CFQP1 0.264 2 0.0555
timing_CFQP1 0.259 2 0.0556
timing_CFQP1 0.262 2 0.0557
timing_CFQP1 0.261 2 0.0558
timing_CFQP1 0.211 2 0.0559
timing_CFQP1 0.278 2 0.056
timing_CFQP1 0.262 2 0.0561
timing_CFQP1 0.262 2 0.0562
timing_CFQP1 0.264 2 0.0563
timing_CFQP1 0.262 2 0.0564
timing_CFQP1 0.264 2 0.0565
timing_CFQP1 0.265 2 0.0566
timing_CFQP1 0.267 2 0.0567
timing_CFQP1 0.264 2 0.0568
timing_CFQP1 0.263 2 0.0569
timing_CFQP1 0.245 2 0.057
timing_CFQP1 0.297 2 0.0571
timing_CFQP1 0.262 2 0.0572
timing_CFQP1 0.262 2 0.0573
timing_CFQP1 0.344 2 0.0574
timing_CFQP1 0.262 2 0.0575
timing_CFQP1 0.263 2 0.0576
timing_CFQP1 0.257 2 0.0577
timing_CFQP1 0.267 2 0.0578
timing_CFQP1 0.198 2 0.0579
timing_CFQP1 0.273 2 0.058
timing_CFQP1 0.268 2 0.0581
timing_CFQP1 0.313 2 0.0582
timing_CFQP1 0.271 2 0.0583
timing_CFQP1 0.271 2 0.0584
timing_CFQP1 0.267 2 0.0585
timing_CFQP1 0.293 2 0.0586
timing_CFQP1 0.27 2 0.0587
timing_CFQP1 0.267 2 0.0588
timing_CFQP1 0.269 2 0.0589
timing_CFQP1 0.275 2 0.059
timing_CFQP1 0.326 2 0.0591
timing_CFQP1 0.266 2 0.0592
timing_CFQP1 0.267 2 0.0593
timing_CFQP1 0.27 2 0.0594
timing_CFQP1 0.267 2 0.0595
timing_CFQP1 0.261 2 0.0596
timing_CFQP1 0.266 2 0.0597
timing_CFQP1 0.272 2 0.0598
timing_CFQP1 0.288 2 0.0599
timing_CFQP1 0.268 2 0.06
timing_CFQP1 0.265 2 0.0601
timing_CFQP1 0.272 2 0.0602
timing_CFQP1 0.266 2 0.0603
timing_CFQP1 0.27 2 0.0604
timing_CFQP1 0.35 2 0.0605
timing_CFQP1 0.27 2 0.0606
timing_CFQP1 0.267 2 0.0607
timing_CFQP1 0.268 2 0.0608
timing_CFQP1 0.234 2 0.0609
timing_CFQP1 0.291 2 0.061
timing_CFQP1 0.265 2 0.0611
timing_CFQP1 0.268 2 0.0612
timing_CFQP1 0.268 2 0.0613
timing_CFQP1 0.267 2 0.0614
timing_CFQP1 0.264 2 0.0615
timing_CFQP1 0.271 2 0.0616
timing_CFQP1 0.268 2 0.0617
timing_CFQP1 0.269 2 0.0618
timing_CFQP1 0.268 2 0.0619
timing_CFQP1 0.268 2 0.062
timing_CFQP1 0.265 2 0.0621
timing_CFQP1 0.267 2 0.0622
timing_CFQP1 0.264 2 0.0623
timing_CFQP1 0.241 2 0.0624
timing_CFQP1 0.263 2 0.0625
timing_CFQP1 0.281 2 0.0626
timing_CFQP1 0.271 2 0.0627
timing_CFQP1 0.268 2 0.0628
timing_CFQP1 0.264 2 0.0629
timing_CFQP1 0.266 2 0.063
timing_CFQP1 0.27 2 0.0631
timing_CFQP1 0.261 2 0.0632
timing_CFQP1 0.272 2 0.0633
timing_CFQP1 0.259 2 0.0634
timing_CFQP1 0.281 2 0.0635
timing_CFQP1 0.264 2 0.0636
timing_CFQP1 0.391 2 0.0637
timing_CFQP1 0.265 2 0.0638
timing_CFQP1 0.255 2 0.0639
timing_CFQP1 0.234 2 0.064
timing_CFQP1 0.292 2 0.0641
timing_CFQP1 0.238 2 0.0642
timing_CFQP1 0.192 2 0.0643
timing_CFQP1 0.257 2 0.0644
timing_CFQP1 0.332 2 0.0645
timing_CFQP1 0.33 2 0.0646
timing_CFQP1 0.266 2 0.0647
timing_CFQP1 0.273 2 0.0648
timing_CFQP1 0.266 2 0.0649
timing_CFQP1 0.209 2 0.065
timing_CFQP1 0.267 2 0.0651
timing_CFQP1 0.22 2 0.0652
timing_CFQP1 0.287 2 0.0653
timing_CFQP1 0.254 2 0.0654
timing_CFQP1 0.254 2 0.0655
timing_CFQP1 0.278 2 0.0656
timing_CFQP1 0.258 2 0.0657
timing_CFQP1 0.198 2 0.0658
timing_CFQP1 0.231 2 0.0659
timing_CFQP1 0.252 2 0.066
timing_CFQP1 0.314 2 0.0661
timing_CFQP1 0.273 2 0.0662
timing_CFQP1 0.277 2 0.0663
timing_CFQP1 0.251 2 0.0664
timing_CFQP1 0.274 2 0.0665
timing_CFQP1 0.27 2 0.0666
timing_CFQP1 0.275 2 0.0667
timing_CFQP1 0.335 2 0.0668
timing_CFQP1 0.272 2 0.0669
timing_CFQP1 0.273 2 0.067
timing_CFQP1 0.276 2 0.0671
timing_CFQP1 0.274 2 0.0672
timing_CFQP1 0.264 2 0.0673
timing_CFQP1 0.253 2 0.0674
timing_CFQP1 0.244 2 0.0675
timing_CFQP1 0.314 2 0.0676
timing_CFQP1 0.26 2 0.0677
timing_CFQP1 0.268 2 0.0678
timing_CFQP1 0.293 2 0.0679
timing_CFQP1 0.256 2 0.068
timing_CFQP1 0.238 2 0.0681
timing_CFQP1 0.235 2 0.0682
timing_CFQP1 0.397 2 0.0683
timing_CFQP1 0.274 2 0.0684
timing_CFQP1 0.224 2 0.0685
timing_CFQP1 0.274 2 0.0686
timing_CFQP1 0.297 2 0.0687
timing_CFQP1 0.346 2 0.0688
timing_CFQP1 0.242 2 0.0689
timing_CFQP1 0.243 2 0.069
timing_CFQP1 0.258 2 0.0691
timing_CFQP1 0.338 2 0.0692
timing_CFQP1 0.247 2 0.0693
timing_CFQP1 0.24 2 0.0694
timing_CFQP1 0.228 2 0.0695
timing_CFQP1 0.424 2 0.0696
timing_CFQP1 0.279 2 0.0697
timing_CFQP1 0.244 2 0.0698
timing_CFQP1 0.24 2 0.0699
timing_CFQP1 0.297 2 0.07
timing_CFQP1 0.234 2 0.0701
timing_CFQP1 0.215 2 0.0702
timing_CFQP1 0.231 2 0.0703
timing_CFQP1 0.272 2 0.0704
timing_CFQP1 0.243 2 0.0705
timing_CFQP1 2.36 2 0.0706
timing_CFQP1 0.218 2 0.0707
timing_CFQP1 0.239 2 0.0708
timing_CFQP1 0.28 2 0.0709
timing_CFQP1 0.221 2 0.071
timing_CFQP1 0.492 2 0.0711
timing_CFQP1 0.285 2 0.0712
timing_CFQP1 0.291 2 0.0713
timing_CFQP1 0.253 2 0.0714
timing_CFQP1 0.243 2 0.0715
timing_CFQP1 0.266 2 0.0716
timing_CFQP1 0.295 2 0.0717
timing_CFQP1 0.235 2 0.0718
timing_CFQP1 0.205 2 0.0719
timing_CFQP1 0.236 2 0.072
timing_CFQP1 0.31 2 0.0721
timing_CFQP1 0.235 2 0.0722
timing_CFQP1 0.357 2 0.0723
timing_CFQP1 0.285 2 0.0724
timing_CFQP1 0.225 2 0.0725
timing_CFQP1 0.231 2 0.0726
timing_CFQP1 0.302 2 0.0727
timing_CFQP1 0.24 2 0.0728
timing_CFQP1 0.237 2 0.0729
timing_CFQP1 0.256 2 0.073
timing_CFQP1 0.249 2 0.0731
timing_CFQP1 0.308 2 0.0732
timing_CFQP1 0.293 2 0.0733
timing_CFQP1 0.349 2 0.0734
timing_CFQP1 0.255 2 0.0735
timing_CFQP1 0.257 2 0.0736
timing_CFQP1 0.275 2 0.0737
timing_CFQP1 0.422 2 0.0738
timing_CFQP1 0.269 2 0.0739
timing_CFQP1 0.248 2 0.074
timing_CFQP1 0.323 2 0.0741
timing_CFQP1 0.401 2 0.0742
timing_CFQP1 0.248 2 0.0743
timing_CFQP1 0.247 2 0.0744
timing_CFQP1 0.273 2 0.0745
timing_CFQP1 0.279 2 0.0746
timing_CFQP1 0.249 2 0.0747
timing_CFQP1 0.223 2 0.0748
timing_CFQP1 0.273 2 0.0749
timing_CFQP1 0.268 2 0.075
timing_CFQP1 0.254 2 0.0752
timing_CFQP1 0.239 2 0.0753
timing_CFQP1 0.207 2 0.0754
timing_CFQP1 0.206 2 0.0755
timing_CFQP1 0.192 2 0.0756
timing_CFQP1 0.297 2 0.0757
timing_CFQP1 0.262 2 0.0758
timing_CFQP1 0.224 2 0.0759
timing_CFQP1 0.265 2 0.076
timing_CFQP1 0.26 2 0.0761
timing_CFQP1 0.255 2 0.0762
timing_CFQP1 0.259 2 0.0763
timing_CFQP1 0.26 2 0.0764
timing_CFQP1 0.299 2 0.0765
timing_CFQP1 0.259 2 0.0766
timing_CFQP1 0.192 2 0.0767
timing_CFQP1 0.224 2 0.0768
timing_CFQP1 0.213 2 0.0769
timing_CFQP1 0.185 2 0.077
timing_CFQP1 0.231 2 0.0771
timing_CFQP1 0.231 2 0.0772
timing_CFQP1 0.225 2 0.0773
timing_CFQP1 0.281 2 0.0774
timing_CFQP1 0.259 2 0.0775
timing_CFQP1 0.259 2 0.0776
timing_CFQP1 0.272 2 0.0777
timing_CFQP1 0.22 2 0.0778
timing_CFQP1 0.224 2 0.0779
timing_CFQP1 0.223 2 0.078
timing_CFQP1 0.228 2 0.0781
timing_CFQP1 0.227 2 0.0782
timing_CFQP1 0.213 2 0.0783
timing_CFQP1 0.194 2 0.0784
timing_CFQP1 0.281 2 0.0785
timing_CFQP1 0.231 2 0.0786
timing_CFQP1 0.26 2 0.0788
timing_CFQP1 0.271 2 0.0789
timing_CFQP1 0.338 2 0.079
timing_CFQP1 0.271 2 0.0791
timing_CFQP1 0.261 2 0.0792
timing_CFQP1 0.231 2 0.0793
timing_CFQP1 0.24 2 0.0794
timing_CFQP1 0.264 2 0.0795
timing_CFQP1 0.267 2 0.0796
timing_CFQP1 0.287 2 0.0797
timing_CFQP1 0.257 2 0.0798
timing_CFQP1 0.281 2 0.0799
timing_CFQP1 0.235 2 0.08
timing_CFQP1 0.314 2 0.0801
timing_CFQP1 0.19 2 0.0802
timing_CFQP1 0.262 2 0.0803
timing_CFQP1 0.262 2 0.0804
timing_CFQP1 0.201 2 0.0805
timing_CFQP1 0.278 2 0.0806
timing_CFQP1 0.18 2 0.0807
timing_CFQP1 0.267 2 0.0808
timing_CFQP1 0.255 2 0.0809
timing_CFQP1 0.257 2 0.081
timing_CFQP1 0.266 2 0.0811
timing_CFQP1 0.292 2 0.0812
timing_CFQP1 0.285 2 0.0813
timing_CFQP1 0.255 2 0.0814
timing_CFQP1 0.267 2 0.0815
timing_CFQP1 0.26 2 0.0816
timing_CFQP1 0.268 2 0.0817
timing_CFQP1 0.262 2 0.0818
timing_CFQP1 0.269 2 0.0819
timing_CFQP1 0.259 2 0.082
timing_CFQP1 0.266 2 0.0821
timing_CFQP1 0.276 2 0.0822
timing_CFQP1 0.276 2 0.0823
timing_CFQP1 0.276 2 0.0824
timing_CFQP1 0.254 2 0.0825
timing_CFQP1 0.256 2 0.0826
timing_CFQP1 0.34 2 0.0827
timing_CFQP1 0.372 2 0.0828
timing_CFQP1 0.231 2 0.0829
timing_CFQP1 0.208 2 0.083
timing_CFQP1 0.269 2 0.0831
timing_CFQP1 0.303 2 0.0832
timing_CFQP1 0.269 2 0.0833
timing_CFQP1 0.282 2 0.0834
timing_CFQP1 0.266 2 0.0835
timing_CFQP1 0.262 2 0.0837
timing_CFQP1 0.267 2 0.0838
timing_CFQP1 0.256 2 0.0839
timing_CFQP1 0.299 2 0.084
timing_CFQP1 0.271 2 0.0841
timing_CFQP1 0.272 2 0.0842
timing_CFQP1 0.214 2 0.0843
timing_CFQP1 0.224 2 0.0844
timing_CFQP1 0.28 2 0.0845
timing_CFQP1 0.268 2 0.0846
timing_CFQP1 0.259 2 0.0847
timing_CFQP1 0.259 2 0.0848
timing_CFQP1 0.233 2 0.0849
timing_CFQP1 0.267 2 0.085
timing_CFQP1 0.276 2 0.0851
timing_CFQP1 0.256 2 0.0852
timing_CFQP1 0.267 2 0.0853
timing_CFQP1 0.224 2 0.0854
timing_CFQP1 0.246 2 0.0855
timing_CFQP1 0.299 2 0.0856
timing_CFQP1 0.289 2 0.0857
timing_CFQP1 0.268 2 0.0858
timing_CFQP1 0.277 2 0.0859
timing_CFQP1 0.238 2 0.086
timing_CFQP1 0.266 2 0.0861
timing_CFQP1 0.225 2 0.0862
timing_CFQP1 0.278 2 0.0863
timing_CFQP1 0.226 2 0.0864
timing_CFQP1 0.261 2 0.0865
timing_CFQP1 0.308 2 0.0866
timing_CFQP1 0.258 2 0.0867
timing_CFQP1 0.283 2 0.0868
timing_CFQP1 0.275 2 0.0869
timing_CFQP1 0.21 2 0.087
timing_CFQP1 0.246 2 0.0871
timing_CFQP1 0.275 2 0.0872
timing_CFQP1 0.263 2 0.0874
timing_CFQP1 0.274 2 0.0875
timing_CFQP1 0.256 2 0.0876
timing_CFQP1 0.26 2 0.0877
timing_CFQP1 0.283 2 0.0878
timing_CFQP1 0.212 2 0.0879
timing_CFQP1 0.271 2 0.088
timing_CFQP1 0.193 2 0.0882
timing_CFQP1 0.264 2 0.0883
timing_CFQP1 0.259 2 0.0884
timing_CFQP1 0.265 2 0.0885
timing_CFQP1 0.263 2 0.0886
timing_CFQP1 0.31 2 0.0887
timing_CFQP1 0.261 2 0.0888
timing_CFQP1 0.263 2 0.0889
timing_CFQP1 0.27 2 0.089
timing_CFQP1 0.26 2 0.0891
timing_CFQP1 0.238 2 0.0892
timing_CFQP1 0.26 2 0.0893
timing_CFQP1 0.269 2 0.0894
timing_CFQP1 0.359 2 0.0895
timing_CFQP1 0.302 2 0.0896
timing_CFQP1 0.271 2 0.0897
timing_CFQP1 0.271 2 0.0898
timing_CFQP1 0.271 2 0.0899
timing_CFQP1 0.205 2 0.09
timing_CFQP1 0.256 2 0.0901
timing_CFQP1 0.27 2 0.0902
timing_CFQP1 0.269 2 0.0903
timing_CFQP1 0.259 2 0.0904
timing_CFQP1 0.244 2 0.0905
timing_CFQP1 0.277 2 0.0906
timing_CFQP1 0.269 2 0.0907
timing_CFQP1 0.39 2 0.0908
timing_CFQP1 0.293 2 0.0909
timing_CFQP1 0.263 2 0.091
timing_CFQP1 0.219 2 0.0911
timing_CFQP1 0.344 2 0.0912
timing_CFQP1 0.225 2 0.0913
timing_CFQP1 0.271 2 0.0914
timing_CFQP1 0.268 2 0.0915
timing_CFQP1 0.701 2 0.0916
timing_CFQP1 0.26 2 0.0917
timing_CFQP1 0.27 2 0.0918
timing_CFQP1 0.249 2 0.0919
timing_CFQP1 0.266 2 0.092
timing_CFQP1 0.26 2 0.0921
timing_CFQP1 0.262 2 0.0922
timing_CFQP1 0.237 2 0.0923
timing_CFQP1 0.261 2 0.0924
timing_CFQP1 0.261 2 0.0925
timing_CFQP1 0.257 2 0.0926
timing_CFQP1 0.216 2 0.0927
timing_CFQP1 0.269 2 0.0928
timing_CFQP1 0.269 2 0.0929
timing_CFQP1 0.259 2 0.093
timing_CFQP1 0.273 2 0.0931
timing_CFQP1 0.285 2 0.0932
timing_CFQP1 0.27 2 0.0933
timing_CFQP1 0.257 2 0.0934
timing_CFQP1 0.267 2 0.0935
timing_CFQP1 0.257 2 0.0936
timing_CFQP1 0.209 2 0.0937
timing_CFQP1 0.259 2 0.0938
timing_CFQP1 0.276 2 0.0939
timing_CFQP1 0.26 2 0.094
timing_CFQP1 0.265 2 0.0941
timing_CFQP1 0.268 2 0.0942
timing_CFQP1 0.259 2 0.0943
timing_CFQP1 0.267 2 0.0944
timing_CFQP1 0.275 2 0.0945
timing_CFQP1 0.281 2 0.0946
timing_CFQP1 0.21 2 0.0947
timing_CFQP1 0.272 2 0.0948
timing_CFQP1 0.276 2 0.0949
timing_CFQP1 0.265 2 0.095
timing_CFQP1 0.273 2 0.0951
timing_CFQP1 0.268 2 0.0952
timing_CFQP1 0.266 2 0.0953
timing_CFQP1 0.261 2 0.0954
timing_CFQP1 0.273 2 0.0955
timing_CFQP1 0.26 2 0.0956
timing_CFQP1 0.267 2 0.0957
timing_CFQP1 0.299 2 0.0958
timing_CFQP1 0.281 2 0.0959
timing_CFQP1 0.263 2 0.096
timing_CFQP1 0.26 2 0.0961
timing_CFQP1 0.282 2 0.0962
timing_CFQP1 0.268 2 0.0963
timing_CFQP1 0.283 2 0.0964
timing_CFQP1 0.291 2 0.0965
timing_CFQP1 0.272 2 0.0966
timing_CFQP1 0.268 2 0.0967
timing_CFQP1 0.274 2 0.0968
timing_CFQP1 0.266 2 0.0969
timing_CFQP1 0.273 2 0.097
timing_CFQP1 0.27 2 0.0971
timing_CFQP1 0.279 2 0.0972
timing_CFQP1 0.261 2 0.0973
timing_CFQP1 0.275 2 0.0974
timing_CFQP1 0.221 2 0.0975
timing_CFQP1 0.277 2 0.0976
timing_CFQP1 0.218 2 0.0977
timing_CFQP1 0.221 2 0.0978
timing_CFQP1 0.277 2 0.0979
timing_CFQP1 0.264 2 0.098
timing_CFQP1 0.272 2 0.0981
timing_CFQP1 0.272 2 0.0982
timing_CFQP1 0.261 2 0.0983
timing_CFQP1 0.213 2 0.0984
timing_CFQP1 0.272 2 0.0985
timing_CFQP1 0.266 2 0.0986
timing_CFQP1 0.267 2 0.0987
timing_CFQP1 0.277 2 0.0988
timing_CFQP1 0.237 2 0.0989
timing_CFQP1 0.278 2 0.099
timing_CFQP1 0.293 2 0.0991
timing_CFQP1 0.262 2 0.0992
timing_CFQP1 0.264 2 0.0993
timing_CFQP1 0.276 2 0.0994
timing_CFQP1 0.253 2 0.0995
timing_CFQP1 0.279 2 0.0996
timing_CFQP1 0.261 2 0.0997
timing_CFQP1 0.267 2 0.0998
timing_CFQP1 0.273 2 0.0999
timing_CFQP1 0.266 2 0.1
timing_CFQP1 0.273 2 0.1001
timing_CFQP1 0.265 2 0.1002
timing_CFQP1 0.261 2 0.1003
timing_CFQP1 0.275 2 0.1004
timing_CFQP1 0.274 2 0.1005
timing_CFQP1 0.269 2 0.1006
timing_CFQP1 0.263 2 0.1007
timing_CFQP1 0.274 2 0.1008
timing_CFQP1 0.277 2 0.1009
timing_CFQP1 0.226 2 0.101
timing_CFQP1 0.267 2 0.1011
timing_CFQP1 0.307 2 0.1012
timing_CFQP1 0.276 2 0.1013
timing_CFQP1 0.202 2 0.1014
timing_CFQP1 0.298 2 0.1015
timing_CFQP1 0.262 2 0.1016
timing_CFQP1 0.248 2 0.1017
timing_CFQP1 0.262 2 0.1018
timing_CFQP1 0.275 2 0.1019
timing_CFQP1 0.22 2 0.102
timing_CFQP1 0.263 2 0.1021
timing_CFQP1 0.261 2 0.1022
timing_CFQP1 0.272 2 0.1023
timing_CFQP1 0.221 2 0.1024
timing_CFQP1 0.277 2 0.1025
timing_CFQP1 0.202 2 0.1026
timing_CFQP1 0.276 2 0.1027
timing_CFQP1 0.263 2 0.1028
timing_CFQP1 0.272 2 0.1029
timing_CFQP1 0.25 2 0.103
timing_CFQP1 0.276 2 0.1031
timing_CFQP1 0.257 2 0.1033
timing_CFQP1 0.257 2 0.1034
timing_CFQP1 0.244 2 0.1035
timing_CFQP1 0.289 2 0.1036
timing_CFQP1 0.267 2 0.1037
timing_CFQP1 0.254 2 0.1038
timing_CFQP1 0.259 2 0.1039
timing_CFQP1 0.259 2 0.104
timing_CFQP1 0.266 2 0.1041
timing_CFQP1 0.27 2 0.1042
timing_CFQP1 0.256 2 0.1043
timing_CFQP1 0.241 2 0.1044
timing_CFQP1 0.265 2 0.1045
timing_CFQP1 0.265 2 0.1046
timing_CFQP1 0.261 2 0.1047
timing_CFQP1 0.256 2 0.1048
timing_CFQP1 0.256 2 0.1049
timing_CFQP1 0.268 2 0.105
timing_CFQP1 0.256 2 0.1051
timing_CFQP1 0.256 2 0.1052
timing_CFQP1 0.294 2 0.1053
timing_CFQP1 0.299 2 0.1054
timing_CFQP1 0.264 2 0.1055
timing_CFQP1 0.203 2 0.1056
timing_CFQP1 0.245 2 0.1057
timing_CFQP1 0.258 2 0.1058
timing_CFQP1 0.263 2 0.1059
timing_CFQP1 0.213 2 0.106
timing_CFQP1 0.273 2 0.1061
timing_CFQP1 0.254 2 0.1063
timing_CFQP1 0.268 2 0.1064
timing_CFQP1 0.257 2 0.1065
timing_CFQP1 0.3 2 0.1066
timing_CFQP1 0.233 2 0.1067
timing_CFQP1 0.207 2 0.1068
timing_CFQP1 0.335 2 0.1069
timing_CFQP1 0.256 2 0.107
timing_CFQP1 0.208 2 0.1071
timing_CFQP1 0.243 2 0.1072
timing_CFQP1 0.292 2 0.1073
timing_CFQP1 0.255 2 0.1074
timing_CFQP1 0.256 2 0.1075
timing_CFQP1 0.205 2 0.1076
timing_CFQP1 0.265 2 0.1077
timing_CFQP1 0.256 2 0.1078
timing_CFQP1 0.224 2 0.1079
timing_CFQP1 0.289 2 0.108
timing_CFQP1 0.267 2 0.1081
timing_CFQP1 0.212 2 0.1082
timing_CFQP1 0.28 2 0.1083
timing_CFQP1 0.219 2 0.1084
timing_CFQP1 0.273 2 0.1085
timing_CFQP1 0.261 2 0.1086
timing_CFQP1 0.3 2 0.1087
timing_CFQP1 0.261 2 0.1088
timing_CFQP1 0.256 2 0.1089
timing_CFQP1 0.232 2 0.109
timing_CFQP1 0.263 2 0.1091
timing_CFQP1 0.212 2 0.1092
timing_CFQP1 0.262 2 0.1093
timing_CFQP1 0.199 2 0.1094
timing_CFQP1 0.264 2 0.1095
timing_CFQP1 0.202 2 0.1096
timing_CFQP1 0.213 2 0.1097
timing_CFQP1 0.255 2 0.1098
timing_CFQP1 0.268 2 0.1099
timing_CFQP1 0.259 2 0.11
timing_CFQP1 0.26 2 0.1101
timing_CFQP1 0.267 2 0.1102
timing_CFQP1 0.258 2 0.1103
timing_CFQP1 0.273 2 0.1104
timing_CFQP1 0.216 2 0.1105
timing_CFQP1 0.269 2 0.1106
timing_CFQP1 0.265 2 0.1107
timing_CFQP1 0.263 2 0.1108
timing_CFQP1 0.251 2 0.1109
timing_CFQP1 0.263 2 0.111
timing_CFQP1 0.22 2 0.1111
timing_CFQP1 0.287 2 0.1112
timing_CFQP1 0.216 2 0.1113
timing_CFQP1 0.22 2 0.1114
timing_CFQP1 0.258 2 0.1115
timing_CFQP1 0.26 2 0.1116
timing_CFQP1 0.248 2 0.1117
timing_CFQP1 0.268 2 0.1118
timing_CFQP1 0.277 2 0.1119
timing_CFQP1 0.256 2 0.112
timing_CFQP1 0.27 2 0.1121
timing_CFQP1 0.359 2 0.1122
timing_CFQP1 0.273 2 0.1123
timing_CFQP1 0.293 2 0.1124
timing_CFQP1 0.269 2 0.1125
timing_CFQP1 0.257 2 0.1126
timing_CFQP1 0.323 2 0.1127
timing_CFQP1 0.257 2 0.1128
timing_CFQP1 0.264 2 0.1129
timing_CFQP1 0.199 2 0.113
timing_CFQP1 0.26 2 0.1131
timing_CFQP1 0.263 2 0.1132
timing_CFQP1 0.256 2 0.1133
timing_CFQP1 0.26 2 0.1134
timing_CFQP1 0.199 2 0.1135
timing_CFQP1 0.264 2 0.1136
timing_CFQP1 0.256 2 0.1137
timing_CFQP1 0.261 2 0.1138
timing_CFQP1 0.27 2 0.1139
timing_CFQP1 0.256 2 0.114
timing_CFQP1 0.259 2 0.1141
timing_CFQP1 0.267 2 0.1142
timing_CFQP1 0.259 2 0.1143
timing_CFQP1 0.26 2 0.1144
timing_CFQP1 0.256 2 0.1145
timing_CFQP1 0.209 2 0.1146
timing_CFQP1 0.269 2 0.1147
timing_CFQP1 0.261 2 0.1148
timing_CFQP1 0.303 2 0.1149
timing_CFQP1 0.265 2 0.115
timing_CFQP1 0.267 2 0.1151
timing_CFQP1 0.258 2 0.1152
timing_CFQP1 0.246 2 0.1153
timing_CFQP1 0.258 2 0.1154
timing_CFQP1 0.262 2 0.1155
timing_CFQP1 0.265 2 0.1156
timing_CFQP1 0.258 2 0.1157
timing_CFQP1 0.258 2 0.1158
timing_CFQP1 0.268 2 0.1159
timing_CFQP1 0.265 2 0.116
timing_CFQP1 0.254 2 0.1161
timing_CFQP1 0.258 2 0.1162
timing_CFQP1 0.259 2 0.1163
timing_CFQP1 0.261 2 0.1164
timing_CFQP1 0.286 2 0.1165
timing_CFQP1 0.264 2 0.1166
timing_CFQP1 0.265 2 0.1167
timing_CFQP1 0.33 2 0.1168
timing_CFQP1 0.211 2 0.1169
timing_CFQP1 0.217 2 0.117
timing_CFQP1 0.266 2 0.1171
timing_CFQP1 0.221 2 0.1172
timing_CFQP1 0.265 2 0.1173
timing_CFQP1 0.257 2 0.1174
timing_CFQP1 0.262 2 0.1175
timing_CFQP1 0.266 2 0.1176
timing_CFQP1 0.257 2 0.1177
timing_CFQP1 0.264 2 0.1178
timing_CFQP1 0.259 2 0.1179
timing_CFQP1 0.253 2 0.118
timing_CFQP1 0.264 2 0.1181
timing_CFQP1 0.259 2 0.1182
timing_CFQP1 0.258 2 0.1183
timing_CFQP1 0.235 2 0.1184
timing_CFQP1 0.271 2 0.1185
timing_CFQP1 0.263 2 0.1186
timing_CFQP1 0.198 2 0.1187
timing_CFQP1 0.271 2 0.1188
timing_CFQP1 0.259 2 0.1189
timing_CFQP1 0.234 2 0.119
timing_CFQP1 0.257 2 0.1191
timing_CFQP1 0.214 2 0.1192
timing_CFQP1 0.214 2 0.1193
timing_CFQP1 0.347 2 0.1194
timing_CFQP1 0.251 2 0.1195
timing_CFQP1 0.26 2 0.1196
timing_CFQP1 0.22 2 0.1197
timing_CFQP1 0.247 2 0.1198
timing_CFQP1 0.204 2 0.1199
timing_CFQP1 0.2 2 0.12
timing_CFQP1 0.263 2 0.1201
timing_CFQP1 0.329 2 0.1202
timing_CFQP1 0.268 2 0.1203
timing_CFQP1 0.189 2 0.1204
timing_CFQP1 0.21 2 0.1205
timing_CFQP1 0.228 2 0.1206
timing_CFQP1 0.237 2 0.1207
timing_CFQP1 0.187 2 0.1208
timing_CFQP1 0.206 2 0.1209
timing_CFQP1 0.193 2 0.121
timing_CFQP1 0.19 2 0.1211
timing_CFQP1 1.585 2 0.1212
timing_CFQP1 0.188 2 0.1213
timing_CFQP1 0.226 2 0.1214
timing_CFQP1 0.192 2 0.1215
timing_CFQP1 0.214 2 0.1216
timing_CFQP1 0.202 2 0.1217
timing_CFQP1 0.236 2 0.1218
timing_CFQP1 0.267 2 0.1219
timing_CFQP1 0.266 2 0.122
timing_CFQP1 0.221 2 0.1221
timing_CFQP1 0.278 2 0.1222
timing_CFQP1 0.227 2 0.1223
timing_CFQP1 0.218 2 0.1224
timing_CFQP1 0.214 2 0.1225
timing_CFQP1 0.211 2 0.1226
timing_CFQP1 0.213 2 0.1227
timing_CFQP1 0.27 2 0.1228
timing_CFQP1 0.26 2 0.1229
timing_CFQP1 0.253 2 0.123
timing_CFQP1 0.275 2 0.1231
timing_CFQP1 0.232 2 0.1232
timing_CFQP1 0.223 2 0.1233
timing_CFQP1 0.209 2 0.1234
timing_CFQP1 0.268 2 0.1235
timing_CFQP1 0.205 2 0.1236
timing_CFQP1 0.213 2 0.1237
timing_CFQP1 0.221 2 0.1238
timing_CFQP1 0.216 2 0.1239
timing_CFQP1 0.27 2 0.124
timing_CFQP1 0.301 2 0.1241
timing_CFQP1 0.286 2 0.1242
timing_CFQP1 0.269 2 0.1243
timing_CFQP1 0.276 2 0.1244
timing_CFQP1 0.289 2 0.1245
timing_CFQP1 0.27 2 0.1246
timing_CFQP1 0.299 2 0.1247
timing_CFQP1 0.273 2 0.1248
timing_CFQP1 0.248 2 0.1249
timing_CFQP1 0.267 2 0.125
timing_CFQP1 0.592 2 0.1251
timing_CFQP1 0.231 2 0.1252
timing_CFQP1 0.213 2 0.1253
timing_CFQP1 0.198 2 0.1254
timing_CFQP1 0.224 2 0.1255
timing_CFQP1 0.217 2 0.1256
timing_CFQP1 0.23 2 0.1257
timing_CFQP1 0.226 2 0.1258
timing_CFQP1 0.216 2 0.1259
timing_CFQP1 0.233 2 0.126
timing_CFQP1 0.226 2 0.1261
timing_CFQP1 0.204 2 0.1262
timing_CFQP1 0.215 2 0.1263
timing_CFQP1 0.216 2 0.1264
timing_CFQP1 0.226 2 0.1265
timing_CFQP1 0.271 2 0.1266
timing_CFQP1 0.281 2 0.1267
timing_CFQP1 0.276 2 0.1268
timing_CFQP1 0.215 2 0.1269
timing_CFQP1 0.206 2 0.127
timing_CFQP1 0.2 2 0.1271
timing_CFQP1 0.22 2 0.1272
timing_CFQP1 0.222 2 0.1273
timing_CFQP1 0.268 2 0.1274
timing_CFQP1 0.199 2 0.1275
timing_CFQP1 0.271 2 0.1276
timing_CFQP1 0.28 2 0.1277
timing_CFQP1 0.278 2 0.1278
timing_CFQP1 0.269 2 0.1279
timing_CFQP1 0.203 2 0.128
timing_CFQP1 0.235 2 0.1281
timing_CFQP1 0.226 2 0.1282
timing_CFQP1 0.203 2 0.1283
timing_CFQP1 0.278 2 0.1284
timing_CFQP1 0.329 2 0.1285
timing_CFQP1 0.22 2 0.1286
timing_CFQP1 0.226 2 0.1287
timing_CFQP1 0.281 2 0.1288
timing_CFQP1 0.218 2 0.1289
timing_CFQP1 0.232 2 0.129
timing_CFQP1 0.276 2 0.1291
timing_CFQP1 0.272 2 0.1292
timing_CFQP1 0.27 2 0.1293
timing_CFQP1 0.327 2 0.1294
timing_CFQP1 0.284 2 0.1295
timing_CFQP1 0.225 2 0.1296
timing_CFQP1 0.272 2 0.1297
timing_CFQP1 0.22 2 0.1298
timing_CFQP1 0.214 2 0.1299
timing_CFQP1 0.216 2 0.13
timing_CFQP1 0.229 2 0.1301
timing_CFQP1 0.214 2 0.1302
timing_CFQP1 0.196 2 0.1303
timing_CFQP1 0.221 2 0.1304
timing_CFQP1 0.326 2 0.1305
timing_CFQP1 0.198 2 0.1306
timing_CFQP1 0.217 2 0.1307
timing_CFQP1 0.225 2 0.1308
timing_CFQP1 0.217 2 0.1309
timing_CFQP1 0.216 2 0.131
timing_CFQP1 0.196 2 0.1311
timing_CFQP1 0.224 2 0.1312
timing_CFQP1 0.27 2 0.1313
timing_CFQP1 0.233 2 0.1314
timing_CFQP1 0.28 2 0.1315
timing_CFQP1 0.273 2 0.1316
timing_CFQP1 0.209 2 0.1317
timing_CFQP1 0.218 2 0.1318
timing_CFQP1 0.234 2 0.1319
timing_CFQP1 0.216 2 0.132
timing_CFQP1 0.22 2 0.1321
timing_CFQP1 0.222 2 0.1322
timing_CFQP1 0.29 2 0.1323
timing_CFQP1 0.267 2 0.1324
timing_CFQP1 0.279 2 0.1325
timing_CFQP1 0.281 2 0.1326
timing_CFQP1 0.573 2 0.1327
timing_CFQP1 0.193 2 0.1328
timing_CFQP1 0.21 2 0.1329
timing_CFQP1 0.196 2 0.133
timing_CFQP1 0.214 2 0.1331
timing_CFQP1 0.212 2 0.1332
timing_CFQP1 0.21 2 0.1333
timing_CFQP1 0.23 2 0.1334
timing_CFQP1 0.273 2 0.1335
timing_CFQP1 0.252 2 0.1336
timing_CFQP1 0.286 2 0.1337
timing_CFQP1 0.247 2 0.1339
timing_CFQP1 0.256 2 0.134
timing_CFQP1 0.261 2 0.1341
timing_CFQP1 0.217 2 0.1342
timing_CFQP1 0.269 2 0.1343
timing_CFQP1 0.257 2 0.1344
timing_CFQP1 0.256 2 0.1345
timing_CFQP1 0.188 2 0.1346
timing_CFQP1 0.266 2 0.1347
timing_CFQP1 0.255 2 0.1348
timing_CFQP1 0.219 2 0.1349
timing_CFQP1 0.224 2 0.135
timing_CFQP1 0.201 2 0.1351
timing_CFQP1 0.202 2 0.1352
timing_CFQP1 0.227 2 0.1353
timing_CFQP1 0.262 2 0.1354
timing_CFQP1 0.208 2 0.1355
timing_CFQP1 0.253 2 0.1356
timing_CFQP1 0.206 2 0.1357
timing_CFQP1 0.202 2 0.1358
timing_CFQP1 0.208 2 0.1359
timing_CFQP1 0.206 2 0.136
timing_CFQP1 0.247 2 0.1361
timing_CFQP1 0.225 2 0.1362
timing_CFQP1 0.203 2 0.1363
timing_CFQP1 0.191 2 0.1364
timing_CFQP1 0.262 2 0.1365
timing_CFQP1 0.269 2 0.1366
timing_CFQP1 0.266 2 0.1367
timing_CFQP1 0.193 2 0.1368
timing_CFQP1 0.203 2 0.1369
timing_CFQP1 0.204 2 0.137
timing_CFQP1 0.222 2 0.1371
timing_CFQP1 0.189 2 0.1372
timing_CFQP1 0.188 2 0.1373
timing_CFQP1 0.19 2 0.1374
timing_CFQP1 0.203 2 0.1375
timing_CFQP1 0.298 2 0.1376
timing_CFQP1 0.291 2 0.1377
timing_CFQP1 0.209 2 0.1378
timing_CFQP1 0.413 2 0.1379
timing_CFQP1 0.22 2 0.138
timing_CFQP1 0.204 2 0.1381
timing_CFQP1 0.187 2 0.1382
timing_CFQP1 0.222 2 0.1383
timing_CFQP1 0.198 2 0.1384
timing_CFQP1 0.199 2 0.1385
timing_CFQP1 0.215 2 0.1386
timing_CFQP1 0.223 2 0.1387
timing_CFQP1 0.268 2 0.1388
timing_CFQP1 0.212 2 0.1389
timing_CFQP1 0.297 2 0.139
timing_CFQP1 0.288 2 0.1391
timing_CFQP1 0.267 2 0.1392
timing_CFQP1 0.264 2 0.1393
timing_CFQP1 0.27 2 0.1394
timing_CFQP1 0.203 2 0.1395
timing_CFQP1 0.205 2 0.1396
timing_CFQP1 0.209 2 0.1397
timing_CFQP1 0.201 2 0.1398
timing_CFQP1 0.221 2 0.1399
timing_CFQP1 0.198 2 0.14
timing_CFQP1 0.211 2 0.1401
timing_CFQP1 0.193 2 0.1402
timing_CFQP1 0.222 2 0.1403
timing_CFQP1 0.191 2 0.1404
timing_CFQP1 0.22 2 0.1405
timing_CFQP1 0.205 2 0.1406
timing_CFQP1 0.231 2 0.1407
timing_CFQP1 0.206 2 0.1408
timing_CFQP1 0.257 2 0.1409
timing_CFQP1 0.19 2 0.141
timing_CFQP1 0.358 2 0.1411
timing_CFQP1 0.274 2 0.1412
timing_CFQP1 0.285 2 0.1413
timing_CFQP1 0.189 2 0.1414
timing_CFQP1 0.21 2 0.1415
timing_CFQP1 0.214 2 0.1416
timing_CFQP1 0.205 2 0.1417
timing_CFQP1 0.224 2 0.1418
timing_CFQP1 0.187 2 0.1419
timing_CFQP1 0.189 2 0.142
timing_CFQP1 0.257 2 0.1421
timing_CFQP1 0.258 2 0.1422
timing_CFQP1 0.288 2 0.1423
timing_CFQP1 0.249 2 0.1424
timing_CFQP1 0.2 2 0.1425
timing_CFQP1 0.193 2 0.1426
timing_CFQP1 0.216 2 0.1427
timing_CFQP1 0.213 2 0.1428
timing_CFQP1 0.204 2 0.1429
timing_CFQP1 0.212 2 0.143
timing_CFQP1 0.208 2 0.1431
timing_CFQP1 0.269 2 0.1432
timing_CFQP1 0.263 2 0.1433
timing_CFQP1 0.262 2 0.1434
timing_CFQP1 0.228 2 0.1435
timing_CFQP1 0.275 2 0.1436
timing_CFQP1 0.263 2 0.1437
timing_CFQP1 0.227 2 0.1438
timing_CFQP1 0.262 2 0.1439
timing_CFQP1 0.248 2 0.144
timing_CFQP1 0.215 2 0.1441
timing_CFQP1 0.285 2 0.1442
timing_CFQP1 0.191 2 0.1443
timing_CFQP1 0.212 2 0.1444
timing_CFQP1 0.256 2 0.1445
timing_CFQP1 0.207 2 0.1446
timing_CFQP1 0.221 2 0.1447
timing_CFQP1 0.214 2 0.1448
timing_CFQP1 0.288 2 0.1449
timing_CFQP1 0.218 2 0.145
timing_CFQP1 0.223 2 0.1451
timing_CFQP1 0.254 2 0.1452
timing_CFQP1 0.233 2 0.1453
timing_CFQP1 0.213 2 0.1454
timing_CFQP1 0.194 2 0.1455
timing_CFQP1 0.245 2 0.1456
timing_CFQP1 0.264 2 0.1457
timing_CFQP1 0.216 2 0.1458
timing_CFQP1 0.269 2 0.1459
timing_CFQP1 0.227 2 0.146
timing_CFQP1 0.22 2 0.1461
timing_CFQP1 0.27 2 0.1463
timing_CFQP1 0.23 2 0.1464
timing_CFQP1 0.256 2 0.1465
timing_CFQP1 0.196 2 0.1466
timing_CFQP1 0.275 2 0.1467
timing_CFQP1 0.229 2 0.1468
timing_CFQP1 0.208 2 0.1469
timing_CFQP1 0.275 2 0.147
timing_CFQP1 0.22 2 0.1471
timing_CFQP1 0.295 2 0.1472
timing_CFQP1 0.205 2 0.1473
timing_CFQP1 0.205 2 0.1474
timing_CFQP1 0.21 2 0.1475
timing_CFQP1 0.203 2 0.1476
timing_CFQP1 0.207 2 0.1477
timing_CFQP1 0.226 2 0.1478
timing_CFQP1 0.21 2 0.1479
timing_CFQP1 0.265 2 0.148
timing_CFQP1 0.253 2 0.1481
timing_CFQP1 0.22 2 0.1482
timing_CFQP1 0.264 2 0.1483
timing_CFQP1 0.275 2 0.1484
timing_CFQP1 0.22 2 0.1485
timing_CFQP1 0.271 2 0.1486
timing_CFQP1 0.269 2 0.1487
timing_CFQP1 0.262 2 0.1488
timing_CFQP1 0.262 2 0.1489
timing_CFQP1 0.257 2 0.149
timing_CFQP1 0.287 2 0.1491
timing_CFQP1 0.259 2 0.1492
timing_CFQP1 0.218 2 0.1493
timing_CFQP1 0.281 2 0.1494
timing_CFQP1 0.285 2 0.1495
timing_CFQP1 0.275 2 0.1496
timing_CFQP1 0.271 2 0.1497
timing_CFQP1 0.266 2 0.1498
timing_CFQP1 0.263 2 0.1499
timing_CFQP1 0.267 2 0.15
timing_CFQP1 0.272 2 0.1501
timing_CFQP1 0.254 2 0.1502
timing_CFQP1 0.273 2 0.1503
timing_CFQP1 0.273 2 0.1504
timing_CFQP1 0.278 2 0.1505
timing_CFQP1 0.274 2 0.1506
timing_CFQP1 0.29 2 0.1507
timing_CFQP1 0.273 2 0.1508
timing_CFQP1 0.279 2 0.1509
timing_CFQP1 0.281 2 0.151
timing_CFQP1 0.282 2 0.1511
timing_CFQP1 0.272 2 0.1512
timing_CFQP1 0.28 2 0.1513
timing_CFQP1 0.347 2 0.1514
timing_CFQP1 0.269 2 0.1515
timing_CFQP1 0.285 2 0.1516
timing_CFQP1 0.281 2 0.1517
timing_CFQP1 0.266 2 0.1519
timing_CFQP1 0.223 2 0.152
timing_CFQP1 0.282 2 0.1521
timing_CFQP1 0.267 2 0.1522
timing_CFQP1 0.247 2 0.1523
timing_CFQP1 0.27 2 0.1524
timing_CFQP1 0.26 2 0.1525
timing_CFQP1 0.262 2 0.1526
timing_CFQP1 0.214 2 0.1527
timing_CFQP1 0.263 2 0.1528
timing_CFQP1 0.261 2 0.1529
timing_CFQP1 0.268 2 0.153
timing_CFQP1 0.265 2 0.1531
timing_CFQP1 0.267 2 0.1532
timing_CFQP1 0.269 2 0.1533
timing_CFQP1 0.267 2 0.1534
timing_CFQP1 0.264 2 0.1535
timing_CFQP1 0.215 2 0.1536
timing_CFQP1 0.214 2 0.1537
timing_CFQP1 0.257 2 0.1538
timing_CFQP1 0.256 2 0.1539
timing_CFQP1 0.345 2 0.154
timing_CFQP1 0.265 2 0.1541
timing_CFQP1 0.259 2 0.1542
timing_CFQP1 0.264 2 0.1543
timing_CFQP1 0.266 2 0.1544
timing_CFQP1 0.561 2 0.1545
timing_CFQP1 0.24 2 0.1546
timing_CFQP1 0.264 2 0.1547
timing_CFQP1 0.214 2 0.1548
timing_CFQP1 0.274 2 0.1549
timing_CFQP1 0.291 2 0.155
timing_CFQP1 0.27 2 0.1551
timing_CFQP1 0.268 2 0.1552
timing_CFQP1 0.217 2 0.1553
timing_CFQP1 0.218 2 0.1554
timing_CFQP1 0.206 2 0.1555
timing_CFQP1 0.21 2 0.1556
timing_CFQP1 0.215 2 0.1557
timing_CFQP1 0.284 2 0.1558
timing_CFQP1 0.27 2 0.1559
timing_CFQP1 0.267 2 0.156
timing_CFQP1 0.26 2 0.1561
timing_CFQP1 0.311 2 0.1562
timing_CFQP1 0.268 2 0.1563
timing_CFQP1 0.22 2 0.1564
timing_CFQP1 0.264 2 0.1565
timing_CFQP1 0.268 2 0.1566
timing_CFQP1 0.191 2 0.1567
timing_CFQP1 0.2 2 0.1568
timing_CFQP1 0.195 2 0.1569
timing_CFQP1 0.261 2 0.157
timing_CFQP1 0.219 2 0.1571
timing_CFQP1 0.217 2 0.1572
timing_CFQP1 0.204 2 0.1573
timing_CFQP1 0.204 2 0.1574
timing_CFQP1 0.267 2 0.1575
timing_CFQP1 0.267 2 0.1576
timing_CFQP1 0.287 2 0.1577
timing_CFQP1 0.266 2 0.1578
timing_CFQP1 0.265 2 0.1579
timing_CFQP1 0.269 2 0.158
timing_CFQP1 0.26 2 0.1581
timing_CFQP1 0.264 2 0.1582
timing_CFQP1 0.268 2 0.1583
timing_CFQP1 0.259 1 0.1585
timing_CFQP1 0.25 1 0.1586
timing_CFQP1 0.283 1 0.1814
timing_CFQP1 0.252 1 0.1815
timing_CFQP1 0.258 1 0.1816
timing_CFQP1 0.261 1 0.1817
timing_CFQP1 0.214 1 0.1818
timing_CFQP1 0.26 1 0.1819
timing_CFQP1 0.259 1 0.182
timing_CFQP1 0.259 1 0.1821
timing_CFQP1 0.264 1 0.1822
timing_CFQP1 0.264 1 0.1823
timing_CFQP1 0.253 1 0.1824
timing_CFQP1 0.257 1 0.1825
timing_CFQP1 0.225 1 0.1826
timing_CFQP1 0.259 1 0.1827
timing_CFQP1 0.262 1 0.1828
timing_CFQP1 0.257 1 0.1829
timing_CFQP1 0.256 1 0.183
timing_CFQP1 0.263 1 0.1831
timing_CFQP1 0.261 1 0.1832
timing_CFQP1 0.262 1 0.1833
timing_CFQP1 0.261 1 0.1834
timing_CFQP1 0.259 1 0.1835
timing_CFQP1 0.262 1 0.1836
timing_CFQP1 0.307 1 0.1837
timing_CFQP1 0.258 1 0.1838
timing_CFQP1 0.289 2 0.184
timing_CFQP1 0.271 2 0.1841
timing_CFQP1 0.273 2 0.1842
timing_CFQP1 0.269 2 0.1843
timing_CFQP1 0.269 2 0.1844
timing_CFQP1 0.271 2 0.1845
timing_CFQP1 0.248 2 0.1846
timing_CFQP1 0.287 2 0.1847
timing_CFQP1 0.266 2 0.1848
timing_CFQP1 0.271 2 0.1849
timing_CFQP1 0.27 2 0.185
timing_CFQP1 0.265 2 0.1851
timing_CFQP1 0.311 2 0.1852
timing_CFQP1 0.277 2 0.1853
timing_CFQP1 0.272 2 0.1854
timing_CFQP1 0.267 2 0.1855
timing_CFQP1 0.383 2 0.1856
timing_CFQP1 0.259 2 0.1857
timing_CFQP1 0.278 2 0.1858
timing_CFQP1 0.253 2 0.1859
timing_CFQP1 0.248 2 0.186
timing_CFQP1 0.285 2 0.1861
timing_CFQP1 0.259 2 0.1862
timing_CFQP1 0.266 2 0.1863
timing_CFQP1 0.229 2 0.1864
timing_CFQP1 0.263 2 0.1865
timing_CFQP1 0.268 2 0.1866
timing_CFQP1 0.266 2 0.1867
timing_CFQP1 0.255 2 0.1868
timing_CFQP1 0.264 2 0.1869
timing_CFQP1 0.263 2 0.187
timing_CFQP1 0.253 2 0.1871
timing_CFQP1 0.26 2 0.1872
timing_CFQP1 0.263 2 0.1873
timing_CFQP1 0.266 2 0.1874
timing_CFQP1 0.264 2 0.1875
timing_CFQP1 0.323 2 0.1876
timing_CFQP1 0.265 2 0.1877
timing_CFQP1 0.258 2 0.1878
timing_CFQP1 0.275 2 0.1879
timing_CFQP1 0.229 2 0.188
timing_CFQP1 0.279 2 0.1881
timing_CFQP1 0.291 2 0.1882
timing_CFQP1 0.212 2 0.1883
timing_CFQP1 0.266 2 0.1884
timing_CFQP1 0.264 2 0.1885
timing_CFQP1 0.262 2 0.1886
timing_CFQP1 0.267 2 0.1887
timing_CFQP1 0.228 2 0.1888
timing_CFQP1 0.213 2 0.1889
timing_CFQP1 0.233 2 0.189
timing_CFQP1 0.266 2 0.1891
timing_CFQP1 0.209 2 0.1892
timing_CFQP1 0.255 2 0.1893
timing_CFQP1 0.271 2 0.1894
timing_CFQP1 0.267 2 0.1895
timing_CFQP1 0.257 2 0.1896
timing_CFQP1 0.269 2 0.1897
timing_CFQP1 0.279 2 0.1898
timing_CFQP1 0.255 2 0.1899
timing_CFQP1 0.247 2 0.19
timing_CFQP1 0.263 2 0.1901
timing_CFQP1 0.278 2 0.1902
timing_CFQP1 0.267 2 0.1903
timing_CFQP1 0.256 2 0.1904
timing_CFQP1 0.306 2 0.1905
timing_CFQP1 0.226 2 0.1906
timing_CFQP1 0.276 2 0.1907
timing_CFQP1 0.268 2 0.1908
timing_CFQP1 0.26 2 0.1909
timing_CFQP1 0.255 2 0.191
timing_CFQP1 0.297 2 0.1911
timing_CFQP1 0.258 2 0.1912
timing_CFQP1 0.264 2 0.1913
timing_CFQP1 0.263 2 0.1914
timing_CFQP1 0.264 2 0.1915
timing_CFQP1 0.267 2 0.1916
timing_CFQP1 0.265 2 0.1917
timing_CFQP1 0.284 2 0.1918
timing_CFQP1 0.204 2 0.1919
timing_CFQP1 0.263 2 0.192
timing_CFQP1 0.231 2 0.1921
timing_CFQP1 0.265 2 0.1922
timing_CFQP1 0.252 2 0.1923
timing_CFQP1 0.261 2 0.1924
timing_CFQP1 0.198 2 0.1925
timing_CFQP1 0.295 2 0.1926
timing_CFQP1 0.265 2 0.1927
timing_CFQP1 0.254 2 0.1928
timing_CFQP1 0.195 2 0.1929
timing_CFQP1 0.266 2 0.193
timing_CFQP1 0.252 2 0.1931
timing_CFQP1 0.262 2 0.1932
timing_CFQP1 0.269 2 0.1933
timing_CFQP1 0.26 2 0.1934
timing_CFQP1 0.245 2 0.1935
timing_CFQP1 0.333 2 0.1936
timing_CFQP1 0.256 2 0.1937
timing_CFQP1 0.263 2 0.1938
timing_CFQP1 0.252 2 0.1939
timing_CFQP1 0.267 2 0.194
timing_CFQP1 0.272 2 0.1941
timing_CFQP1 0.306 2 0.1942
timing_CFQP1 0.263 2 0.1943
timing_CFQP1 0.264 2 0.1944
timing_CFQP1 0.288 2 0.1945
timing_CFQP1 0.26 2 0.1946
timing_CFQP1 0.266 2 0.1947
timing_CFQP1 0.261 2 0.1948
timing_CFQP1 0.26 2 0.1949
timing_CFQP1 0.277 2 0.195
timing_CFQP1 0.224 2 0.1951
timing_CFQP1 0.267 2 0.1952
timing_CFQP1 0.26 2 0.1953
timing_CFQP1 0.333 2 0.1954
timing_CFQP1 0.273 2 0.1955
timing_CFQP1 0.273 2 0.1956
timing_CFQP1 0.267 2 0.1958
timing_CFQP1 0.231 2 0.1959
timing_CFQP1 0.199 2 0.196
timing_CFQP1 0.277 2 0.1961
timing_CFQP1 0.269 2 0.1962
timing_CFQP1 0.27 2 0.1963
timing_CFQP1 0.264 2 0.1964
timing_CFQP1 0.241 2 0.1965
timing_CFQP1 0.266 2 0.1966
timing_CFQP1 0.265 2 0.1967
timing_CFQP1 0.267 2 0.1968
timing_CFQP1 0.27 2 0.1969
timing_CFQP1 0.222 2 0.197
timing_CFQP1 0.268 2 0.1971
timing_CFQP1 0.254 2 0.1972
timing_CFQP1 0.235 2 0.1973
timing_CFQP1 0.264 2 0.1974
timing_CFQP1 0.216 2 0.1975
timing_CFQP1 0.21 2 0.1976
timing_CFQP1 0.268 2 0.1977
timing_CFQP1 0.261 2 0.1978
timing_CFQP1 0.206 2 0.1979
timing_CFQP1 0.267 2 0.198
timing_CFQP1 0.264 2 0.1981
timing_CFQP1 0.267 2 0.1982
timing_CFQP1 0.284 2 0.1983
timing_CFQP1 0.287 2 0.1984
timing_CFQP1 0.294 2 0.1985
timing_CFQP1 0.262 2 0.1986
timing_CFQP1 0.264 2 0.1987
timing_CFQP1 0.268 2 0.1988
timing_CFQP1 0.28 2 0.1989
timing_CFQP1 0.265 2 0.199
timing_CFQP1 0.269 2 0.1991
timing_CFQP1 0.197 2 0.1992
timing_CFQP1 0.342 2 0.1993
timing_CFQP1 0.27 2 0.1994
timing_CFQP1 0.265 2 0.1995
timing_CFQP1 0.256 2 0.1996
timing_CFQP1 0.267 2 0.1997
timing_CFQP1 0.265 2 0.1998
timing_CFQP1 0.226 2 0.1999
timing_CFQP1 0.266 2 0.2
timing_CFQP1 0.417 4 0.2001
timing_CFQP1 0.43 4 0.2002
timing_CFQP1 0.486 4 0.2003
timing_CFQP1 0.432 4 0.2005
timing_CFQP1 0.428 4 0.2007
timing_CFQP1 0.432 4 0.2011
timing_CFQP1 0.383 4 0.2013
timing_CFQP1 0.468 4 0.2014
timing_CFQP1 0.422 4 0.2015
timing_CFQP1 0.513 4 0.2018
timing_CFQP1 0.415 4 0.2021
timing_CFQP1 0.422 4 0.2023
timing_CFQP1 0.426 4 0.2025
timing_CFQP1 0.426 4 0.2026
timing_CFQP1 0.458 4 0.2027
timing_CFQP1 0.364 4 0.2028
timing_CFQP1 0.424 4 0.2029
timing_CFQP1 0.421 4 0.2031
timing_CFQP1 0.431 4 0.2032
timing_CFQP1 0.423 4 0.2034
timing_CFQP1 0.429 4 0.2035
timing_CFQP1 0.43 4 0.2036
timing_CFQP1 0.593 4 0.2037
timing_CFQP1 0.428 4 0.2039
timing_CFQP1 0.428 4 0.2042
timing_CFQP1 0.422 4 0.2044
timing_CFQP1 0.42 4 0.2046
timing_CFQP1 0.432 4 0.2048
timing_CFQP1 0.423 4 0.2049
timing_CFQP1 0.421 4 0.2052
timing_CFQP1 0.439 4 0.2053
timing_CFQP1 0.422 4 0.2055
timing_CFQP1 0.425 4 0.2056
timing_CFQP1 0.427 4 0.2057
timing_CFQP1 0.427 4 0.2059
timing_CFQP1 0.423 4 0.206
timing_CFQP1 0.424 4 0.2061
timing_CFQP1 0.427 4 0.2062
timing_CFQP1 0.421 4 0.2063
timing_CFQP1 0.408 4 0.2064
timing_CFQP1 0.406 4 0.2066
timing_CFQP1 0.423 4 0.2067
timing_CFQP1 0.41 4 0.2069
timing_CFQP1 0.408 4 0.207
timing_CFQP1 0.408 4 0.2072
timing_CFQP1 0.409 4 0.2074
timing_CFQP1 0.404 4 0.2076
timing_CFQP1 0.408 4 0.2077
timing_CFQP1 0.477 4 0.2078
timing_CFQP1 0.409 4 0.2079
timing_CFQP1 0.406 4 0.2081
timing_CFQP1 0.409 4 0.2082
timing_CFQP1 0.41 4 0.2083
timing_CFQP1 0.403 4 0.2084
timing_CFQP1 0.411 4 0.2086
timing_CFQP1 0.407 4 0.2087
timing_CFQP1 0.359 4 0.2089
timing_CFQP1 0.41 4 0.2091
timing_CFQP1 0.415 4 0.2093
timing_CFQP1 0.439 4 0.2096
timing_CFQP1 0.405 4 0.2097
timing_CFQP1 0.407 4 0.2099
timing_CFQP1 0.389 4 0.21
timing_CFQP1 0.407 4 0.2102
timing_CFQP1 0.412 4 0.2104
timing_CFQP1 0.404 4 0.2106
timing_CFQP1 0.409 4 0.2107
timing_CFQP1 0.41 4 0.2109
timing_CFQP1 0.413 4 0.211
timing_CFQP1 0.409 4 0.2111
timing_CFQP1 0.404 4 0.2113
timing_CFQP1 0.411 4 0.2114
timing_CFQP1 0.412 4 0.2116
timing_CFQP1 0.404 4 0.2117
timing_CFQP1 0.409 4 0.212
timing_CFQP1 0.41 4 0.2121
timing_CFQP1 0.407 4 0.2124
timing_CFQP1 0.413 4 0.2126
timing_CFQP1 0.338 4 0.2127
timing_CFQP1 0.411 4 0.2129
timing_CFQP1 0.405 4 0.2131
timing_CFQP1 0.41 4 0.2132
timing_CFQP1 0.408 4 0.2133
timing_CFQP1 0.415 4 0.2134
timing_CFQP1 0.411 4 0.2135
timing_CFQP1 0.374 4 0.2137
timing_CFQP1 0.417 4 0.2138
timing_CFQP1 0.532 4 0.2141
timing_CFQP1 0.373 4 0.2143
timing_CFQP1 0.391 4 0.2144
timing_CFQP1 0.382 4 0.2146
timing_CFQP1 0.383 4 0.2148
timing_CFQP1 0.373 4 0.2149
timing_CFQP1 0.373 4 0.2151
timing_CFQP1 0.39 4 0.2154
timing_CFQP1 0.377 4 0.2155
timing_CFQP1 0.372 4 0.2159
timing_CFQP1 0.379 4 0.216
timing_CFQP1 0.345 4 0.2161
timing_CFQP1 0.375 4 0.2163
timing_CFQP1 0.439 4 0.2165
timing_CFQP1 0.426 4 0.2166
timing_CFQP1 0.421 4 0.2167
timing_CFQP1 0.468 4 0.2169
timing_CFQP1 0.47 4 0.217
timing_CFQP1 0.49 4 0.2172
timing_CFQP1 0.481 4 0.2173
timing_CFQP1 0.484 4 0.2174
timing_CFQP1 0.474 4 0.2177
timing_CFQP1 0.472 4 0.2178
timing_CFQP1 0.473 4 0.218
timing_CFQP1 0.468 4 0.2181
timing_CFQP1 0.454 4 0.2183
timing_CFQP1 0.455 4 0.2184
timing_CFQP1 0.455 4 0.2185
timing_CFQP1 0.452 4 0.2186
timing_CFQP1 0.459 4 0.2187
timing_CFQP1 0.452 4 0.2189
timing_CFQP1 2.641 6 0.2191
timing_CFQP1 2.075 6 0.2192
timing_CFQP1 2.221 6 0.2194
timing_CFQP1 2.04 6 0.2195
timing_CFQP1 2.112 6 0.2196
timing_CFQP1 2.085 6 0.2198
timing_CFQP1 1.922 6 0.2199
timing_CFQP1 1.881 6 0.22
timing_CFQP1 1.529 6 0.2201
timing_CFQP1 1.231 6 0.2203
timing_CFQP1 1.481 6 0.2204
timing_CFQP1 1.775 6 0.2208
timing_CFQP1 1.792 6 0.221
timing_CFQP1 6.127 8 0.2211
timing_CFQP1 3.609 8 0.2214
timing_CFQP1 4.351 8 0.2215
timing_CFQP1 3.254 8 0.2218
timing_CFQP1 3.384 8 0.2221
timing_CFQP1 4.296 8 0.2224
timing_CFQP1 4.83 8 0.2225
timing_CFQP1 3.914 8 0.2227
timing_CFQP1 3.982 8 0.223
timing_CFQP1 4.286 8 0.2231
timing_CFQP1 6.69 8 0.2232
timing_CFQP1 4.143 8 0.2233
timing_CFQP1 3.816 8 0.2236
timing_CFQP1 4.349 8 0.224
timing_CFQP1 3.939 8 0.2241
timing_CFQP1 4.721 8 0.2242
timing_CFQP1 5.406 8 0.2244
timing_CFQP1 4.833 8 0.2247
timing_CFQP1 3.506 8 0.2248
timing_CFQP1 3.755 8 0.225
timing_CFQP1 2.67 8 0.2252
timing_CFQP1 3.114 8 0.2255
timing_CFQP1 2.941 8 0.2256
timing_CFQP1 3.238 8 0.2266
timing_CFQP1 3.159 8 0.2268
timing_CFQP1 4.413 8 0.2271
timing_CFQP1 3.78 8 0.2277
timing_CFQP1 3.844 8 0.2282
timing_CFQP1 4.257 8 0.2285
timing_CFQP1 3.862 8 0.2288
timing_CFQP1 3.812 8 0.2291
timing_CFQP1 3.886 8 0.23
timing_CFQP1 3.914 8 0.2302
timing_CFQP1 4.32 8 0.2306
timing_CFQP1 188.534 8 0.2318
timing_CFQP1 5.368 8 0.2319
timing_CFQP1 5.219 8 0.2327
timing_CFQP1 3.955 8 0.2333
timing_CFQP1 3.245 8 0.234
timing_CFQP1 3.859 8 0.2342
timing_CFQP1 3.112 8 0.2347
timing_CFQP1 3.675 8 0.2356
timing_CFQP1 3.497 8 0.2359
timing_CFQP1 4.054 8 0.2369
timing_CFQP1 4.007 8 0.2375
timing_CFQP1 4.289 8 0.2381
timing_CFQP1 3.842 8 0.2386
timing_CFQP1 4.131 8 0.2392
timing_CFQP1 5.04 8 0.2398
timing_CFQP1 6.269 8 0.2402
timing_CFQP1 7.581 8 0.2405
timing_CFQP1 6.869 8 0.2412
timing_CFQP1 7.283 8 0.2419
timing_CFQP1 6.651 8 0.2424
timing_CFQP1 6.648 8 0.2431
timing_CFQP1 6.68 8 0.2439
timing_CFQP1 6.824 8 0.2442
timing_CFQP1 6.785 8 0.2447
timing_CFQP1 5.896 8 0.2451
timing_CFQP1 7.113 8 0.2454
timing_CFQP1 6.624 8 0.2456
timing_CFQP1 6.121 8 0.246
timing_CFQP1 7.656 8 0.2466
timing_CFQP1 7.877 8 0.2472
timing_CFQP1 8.044 8 0.2481
timing_CFQP1 7.056 8 0.2485
timing_CFQP1 33.83 8 0.2494
timing_CFQP1 7.592 8 0.2496
timing_CFQP1 7.651 8 0.2499
timing_CFQP1 8.204 8 0.251
timing_CFQP1 7.117 8 0.2513
timing_CFQP1 7.316 8 0.2519
timing_CFQP1 7.141 8 0.2521
timing_CFQP1 6.806 8 0.2525
timing_CFQP1 7.1 8 0.2528
timing_CFQP1 7.113 8 0.2535
timing_CFQP1 8.307 8 0.254
timing_CFQP1 8.211 8 0.2547
timing_CFQP1 9.193 8 0.2549
timing_CFQP1 8.018 8 0.2551
timing_CFQP1 8.721 8 0.2554
timing_CFQP1 9.227 8 0.2563
timing_CFQP1 9.047 8 0.2567
timing_CFQP1 24.319 8 0.2571
timing_CFQP1 35.161 8 0.2574
timing_CFQP1 9.497 8 0.2575
timing_CFQP1 59.875 8 0.2579
timing_CFQP1 8.634 8 0.2582
timing_CFQP1 8.013 8 0.259
timing_CFQP1 8.226 8 0.2596
timing_CFQP1 7.544 8 0.2601
timing_CFQP1 7.718 8 0.2607
timing_CFQP1 7.727 8 0.261
timing_CFQP1 7.814 8 0.2616
timing_CFQP1 7.415 8 0.2618
timing_CFQP1 7.838 8 0.2626
timing_CFQP1 8.077 8 0.2631
timing_CFQP1 7.598 8 0.2633
timing_CFQP1 9.357 8 0.264
timing_CFQP1 8.01 8 0.2643
timing_CFQP1 7.967 8 0.2645
timing_CFQP1 8.151 8 0.2649
timing_CFQP1 8.088 8 0.2652
timing_CFQP1 7.959 8 0.2657
timing_CFQP1 8.792 8 0.2662
timing_CFQP1 10.585 8 0.2669
timing_CFQP1 8.801 8 0.2686
timing_CFQP1 9.821 8 0.2693
timing_CFQP1 10.409 8 0.2701
timing_CFQP1 10.253 8 0.2711
timing_CFQP1 8.917 8 0.2722
timing_CFQP1 10.628 8 0.2734
timing_CFQP1 8.785 8 0.2737
timing_CFQP1 8.202 8 0.2739
timing_CFQP1 8.665 8 0.2754
timing_CFQP1 12.723 8 0.2762
timing_CFQP1 9.833 8 0.2765
timing_CFQP1 43.9 8 0.2775
timing_CFQP1 10.045 8 0.2785
timing_CFQP1 11.141 8 0.2786
timing_CFQP1 11.695 8 0.2791
timing_CFQP1 10.76 8 0.2798
timing_CFQP1 10.724 8 0.2806
timing_CFQP1 11.629 8 0.2813
timing_CFQP1 11.553 8 0.2819
timing_CFQP1 9.106 8 0.2824
timing_CFQP1 9.099 8 0.2827
timing_CFQP1 8.682 8 0.284
timing_CFQP1 8.671 8 0.2847
timing_CFQP1 8.836 8 0.2861
timing_CFQP1 9.973 8 0.2866
timing_CFQP1 9.308 8 0.2868
timing_CFQP1 7.54 8 0.2878
timing_CFQP1 7.979 8 0.2881
timing_CFQP1 6.016 8 0.2891
timing_CFQP1 5.435 8 0.2897
timing_CFQP1 5.054 8 0.2909
timing_CFQP1 4.521 8 0.2913
timing_CFQP1 3.655 8 0.2918
timing_CFQP1 3.647 8 0.2928
timing_CFQP1 4.152 8 0.2931
timing_CFQP1 4.552 8 0.2938
timing_CFQP1 3.961 8 0.2943
timing_CFQP1 4.734 8 0.2944
timing_CFQP1 3.517 8 0.2949
timing_CFQP1 3.758 8 0.2965
timing_CFQP1 3.115 8 0.2971
timing_CFQP1 3.092 8 0.2983
timing_CFQP1 2.743 8 0.299
timing_CFQP1 2.862 8 0.2999
timing_CFQP1 4.265 8 0.3003
timing_CFQP1 4.56 8 0.3005
timing_CFQP1 36.594 8 0.3007
timing_CFQP1 3.914 8 0.3009
timing_CFQP1 4.444 8 0.301
timing_CFQP1 4.601 8 0.3012
timing_CFQP1 5.306 8 0.3014
timing_CFQP1 4.925 8 0.3016
timing_CFQP1 193.022 8 0.3018
timing_CFQP1 21.817 8 0.302
timing_CFQP1 5.148 8 0.3021
timing_CFQP1 4.974 8 0.3022
timing_CFQP1 4.315 8 0.3023
timing_CFQP1 4.344 8 0.3024
timing_CFQP1 4.319 8 0.3026
timing_CFQP1 4.08 8 0.3028
timing_CFQP1 3.851 8 0.303
timing_CFQP1 2.51 8 0.3032
timing_CFQP1 2.527 8 0.3034
timing_CFQP1 2.282 8 0.3035
timing_CFQP1 3.225 8 0.3037
timing_CFQP1 3.316 8 0.3038
timing_CFQP1 2.509 8 0.3039
timing_CFQP1 2.572 8 0.304
timing_CFQP1 2.53 8 0.3041
timing_CFQP1 2.498 8 0.3042
timing_CFQP1 2.663 8 0.3043
timing_CFQP1 1.301 6 0.3044
timing_CFQP1 1.332 6 0.3046
timing_CFQP1 1.508 6 0.3048
timing_CFQP1 1.467 6 0.3049
timing_CFQP1 0.334 4 0.305
timing_CFQP1 0.422 4 0.3054
timing_CFQP1 0.422 4 0.3057
timing_CFQP1 0.42 4 0.3058
timing_CFQP1 0.418 4 0.3059
timing_CFQP1 0.412 4 0.3061
timing_CFQP1 0.42 4 0.3062
timing_CFQP1 0.421 4 0.3063
timing_CFQP1 0.422 4 0.3064
timing_CFQP1 0.42 4 0.3065
timing_CFQP1 0.436 4 0.3067
timing_CFQP1 0.399 4 0.3068
timing_CFQP1 0.4 4 0.3069
timing_CFQP1 0.4 4 0.3073
timing_CFQP1 0.404 4 0.3074
timing_CFQP1 0.415 4 0.3076
timing_CFQP1 0.403 4 0.3077
timing_CFQP1 0.366 4 0.308
timing_CFQP1 0.397 4 0.3081
timing_CFQP1 0.397 4 0.3083
timing_CFQP1 0.397 4 0.3084
timing_CFQP1 0.401 4 0.3085
timing_CFQP1 0.46 4 0.3087
timing_CFQP1 0.426 4 0.3088
timing_CFQP1 0.397 4 0.309
timing_CFQP1 0.468 4 0.3094
timing_CFQP1 0.466 4 0.3097
timing_CFQP1 0.495 4 0.31
timing_CFQP1 0.509 4 0.3101
timing_CFQP1 1.45 4 0.3103
timing_CFQP1 0.522 4 0.3104
timing_CFQP1 0.505 4 0.3106
timing_CFQP1 0.474 4 0.3108
timing_CFQP1 0.533 4 0.3111
timing_CFQP1 0.554 4 0.3112
timing_CFQP1 1.148 4 0.3113
timing_CFQP1 0.517 4 0.3114
timing_CFQP1 0.525 4 0.3115
timing_CFQP1 0.549 4 0.3117
timing_CFQP1 0.512 4 0.3118
timing_CFQP1 0.546 4 0.312
timing_CFQP1 0.518 4 0.3122
timing_CFQP1 0.514 4 0.3124
timing_CFQP1 0.565 4 0.3127
timing_CFQP1 0.517 4 0.3128
timing_CFQP1 0.51 4 0.3129
timing_CFQP1 0.519 4 0.3131
timing_CFQP1 0.512 4 0.3133
timing_CFQP1 0.47 4 0.3136
timing_CFQP1 0.442 4 0.3137
timing_CFQP1 0.508 4 0.3138
timing_CFQP1 0.483 4 0.3141
timing_CFQP1 0.476 4 0.3144
timing_CFQP1 0.476 4 0.3145
timing_CFQP1 0.533 4 0.3147
timing_CFQP1 0.424 4 0.3148
timing_CFQP1 0.439 4 0.3153
timing_CFQP1 0.472 4 0.3154
timing_CFQP1 0.451 4 0.3155
timing_CFQP1 0.463 4 0.3158
timing_CFQP1 0.603 4 0.3159
timing_CFQP1 0.47 4 0.3164
timing_CFQP1 0.473 4 0.3165
timing_CFQP1 0.459 4 0.3168
timing_CFQP1 0.466 4 0.317
timing_CFQP1 0.476 4 0.3172
timing_CFQP1 0.47 4 0.3173
timing_CFQP1 0.42 4 0.3174
timing_CFQP1 0.464 4 0.3176
timing_CFQP1 0.463 4 0.3178
timing_CFQP1 0.583 4 0.3181
timing_CFQP1 0.469 4 0.3182
timing_CFQP1 0.625 4 0.3183
timing_CFQP1 0.432 4 0.3185
timing_CFQP1 0.449 4 0.3188
timing_CFQP1 0.464 4 0.3189
timing_CFQP1 0.464 4 0.3191
timing_CFQP1 0.459 4 0.3194
timing_CFQP1 0.288 4 0.3196
timing_CFQP1 0.295 4 0.3197
timing_CFQP1 0.289 4 0.3198
timing_CFQP1 0.301 4 0.3199
timing_CFQP1 0.283 4 0.32
timing_CFQP1 0.248 4 0.3201
timing_CFQP1 0.29 4 0.3202
timing_CFQP1 0.289 4 0.3203
timing_CFQP1 0.368 4 0.3204
timing_CFQP1 0.284 4 0.3205
timing_CFQP1 0.275 4 0.3206
timing_CFQP1 0.226 4 0.3207
timing_CFQP1 0.302 4 0.3208
timing_CFQP1 0.284 4 0.3209
timing_CFQP1 0.29 4 0.321
timing_CFQP1 0.441 4 0.3211
timing_CFQP1 0.276 4 0.3212
timing_CFQP1 0.587 4 0.3213
timing_CFQP1 0.619 4 0.3214
timing_CFQP1 0.551 4 0.3215
timing_CFQP1 0.535 4 0.3218
timing_CFQP1 0.603 4 0.322
timing_CFQP1 0.556 4 0.3222
timing_CFQP1 0.563 4 0.3224
timing_CFQP1 0.583 4 0.3227
timing_CFQP1 0.505 4 0.3229
timing_CFQP1 0.557 4 0.3232
timing_CFQP1 0.502 4 0.3233
timing_CFQP1 1.169 4 0.3234
timing_CFQP1 0.583 4 0.3237
timing_CFQP1 0.507 4 0.3238
timing_CFQP1 0.505 4 0.3239
timing_CFQP1 0.508 4 0.3242
timing_CFQP1 0.506 4 0.3243
timing_CFQP1 1.141 4 0.3244
timing_CFQP1 0.578 4 0.3245
timing_CFQP1 0.508 4 0.3246
timing_CFQP1 0.502 4 0.3247
timing_CFQP1 0.525 4 0.3248
timing_CFQP1 0.277 4 0.3249
timing_CFQP1 0.5 4 0.325
timing_CFQP1 0.292 4 0.3252
timing_CFQP1 0.462 4 0.3253
timing_CFQP1 0.319 4 0.3254
timing_CFQP1 0.562 4 0.3255
timing_CFQP1 0.236 4 0.3256
timing_CFQP1 0.581 4 0.3257
timing_CFQP1 0.577 4 0.3259
timing_CFQP1 0.292 4 0.326
timing_CFQP1 0.292 4 0.3261
timing_CFQP1 0.299 4 0.3262
timing_CFQP1 0.29 4 0.3263
timing_CFQP1 0.334 4 0.3264
timing_CFQP1 0.57 4 0.3265
timing_CFQP1 0.215 4 0.3266
timing_CFQP1 0.578 4 0.3268
timing_CFQP1 0.49 4 0.327
timing_CFQP1 0.461 4 0.3271
timing_CFQP1 0.471 4 0.3273
timing_CFQP1 0.478 4 0.3274
timing_CFQP1 0.226 4 0.3275
timing_CFQP1 0.477 4 0.3276
timing_CFQP1 0.472 4 0.3277
timing_CFQP1 0.471 4 0.3278
timing_CFQP1 0.473 4 0.3279
timing_CFQP1 0.563 4 0.328
timing_CFQP1 0.69 4 0.3283
timing_CFQP1 0.484 4 0.3284
timing_CFQP1 0.486 4 0.3287
timing_CFQP1 0.486 4 0.3288
timing_CFQP1 0.484 4 0.329
timing_CFQP1 0.508 4 0.3292
timing_CFQP1 0.463 4 0.3293
timing_CFQP1 0.465 4 0.3296
timing_CFQP1 0.463 4 0.3297
timing_CFQP1 0.464 4 0.3298
timing_CFQP1 0.458 4 0.33
timing_CFQP1 0.463 4 0.3301
timing_CFQP1 0.42 4 0.3302
timing_CFQP1 0.463 4 0.3304
timing_CFQP1 0.463 4 0.3306
timing_CFQP1 0.539 4 0.3307
timing_CFQP1 0.465 4 0.3309
timing_CFQP1 0.469 4 0.3311
timing_CFQP1 0.548 4 0.3312
timing_CFQP1 0.412 4 0.3313
timing_CFQP1 0.468 4 0.3315
timing_CFQP1 0.46 4 0.3316
timing_CFQP1 0.467 4 0.3317
timing_CFQP1 0.492 4 0.3318
timing_CFQP1 0.467 4 0.332
timing_CFQP1 0.431 4 0.3322
timing_CFQP1 0.46 4 0.3323
timing_CFQP1 0.405 4 0.3325
timing_CFQP1 0.498 4 0.3327
timing_CFQP1 0.504 4 0.3328
timing_CFQP1 0.493 4 0.3329
timing_CFQP1 0.488 4 0.333
timing_CFQP1 0.493 4 0.3332
timing_CFQP1 0.462 4 0.3333
timing_CFQP1 0.469 4 0.3336
timing_CFQP1 0.446 4 0.3338
timing_CFQP1 0.498 4 0.3339
timing_CFQP1 0.46 4 0.334
timing_CFQP1 0.481 4 0.3342
timing_CFQP1 0.468 4 0.3343
timing_CFQP1 0.47 4 0.3345
timing_CFQP1 0.52 4 0.3347
timing_CFQP1 0.46 4 0.3348
timing_CFQP1 0.463 4 0.3351
timing_CFQP1 0.476 4 0.3353
timing_CFQP1 0.465 4 0.3354
timing_CFQP1 0.528 4 0.3356
timing_CFQP1 0.464 4 0.3357
timing_CFQP1 0.468 4 0.3358
timing_CFQP1 0.465 4 0.3359
timing_CFQP1 0.464 4 0.336
timing_CFQP1 0.469 4 0.3362
timing_CFQP1 0.467 4 0.3363
timing_CFQP1 0.463 4 0.3364
timing_CFQP1 0.461 4 0.3365
timing_CFQP1 0.465 4 0.3366
timing_CFQP1 0.468 4 0.3368
timing_CFQP1 0.393 4 0.3369
timing_CFQP1 0.505 4 0.337
timing_CFQP1 0.481 4 0.3371
timing_CFQP1 0.475 4 0.3373
timing_CFQP1 0.507 4 0.3374
timing_CFQP1 0.469 4 0.3377
timing_CFQP1 0.427 4 0.3379
timing_CFQP1 0.465 4 0.3381
timing_CFQP1 0.454 4 0.3382
timing_CFQP1 0.449 4 0.3384
timing_CFQP1 0.46 4 0.3386
timing_CFQP1 0.375 4 0.3387
timing_CFQP1 0.451 4 0.3388
timing_CFQP1 0.452 4 0.3389
timing_CFQP1 0.461 4 0.3391
timing_CFQP1 0.583 4 0.3392
timing_CFQP1 0.453 4 0.3393
timing_CFQP1 0.454 4 0.3395
timing_CFQP1 0.437 4 0.3398
timing_CFQP1 0.466 4 0.3399
timing_CFQP1 0.476 4 0.34
timing_CFQP1 0.443 4 0.3401
timing_CFQP1 0.494 4 0.3402
timing_CFQP1 0.459 4 0.3404
timing_CFQP1 0.417 4 0.3405
timing_CFQP1 0.478 4 0.3407
timing_CFQP1 0.469 4 0.3408
timing_CFQP1 0.465 4 0.3409
timing_CFQP1 0.473 4 0.3411
timing_CFQP1 0.471 4 0.3414
timing_CFQP1 0.488 4 0.3415
timing_CFQP1 0.395 4 0.3417
timing_CFQP1 0.481 4 0.3419
timing_CFQP1 0.458 4 0.3421
timing_CFQP1 0.464 4 0.3422
timing_CFQP1 0.47 4 0.3425
timing_CFQP1 0.482 4 0.3428
timing_CFQP1 0.476 4 0.343
timing_CFQP1 0.468 4 0.3431
timing_CFQP1 0.463 4 0.3432
timing_CFQP1 0.486 4 0.3434
timing_CFQP1 0.456 4 0.3435
timing_CFQP1 0.524 4 0.3436
timing_CFQP1 0.771 4 0.3437
timing_CFQP1 0.456 4 0.3438
timing_CFQP1 0.459 4 0.3439
timing_CFQP1 0.46 4 0.3442
timing_CFQP1 0.475 4 0.3443
timing_CFQP1 0.473 4 0.3445
timing_CFQP1 0.702 4 0.3446
timing_CFQP1 0.591 4 0.3447
timing_CFQP1 0.511 4 0.345
timing_CFQP1 0.601 4 0.3451
timing_CFQP1 0.461 4 0.3452
timing_CFQP1 0.465 4 0.3453
timing_CFQP1 0.463 4 0.3455
timing_CFQP1 0.433 4 0.3459
timing_CFQP1 0.47 4 0.3462
timing_CFQP1 0.465 4 0.3463
timing_CFQP1 0.468 4 0.3467
timing_CFQP1 0.471 4 0.3469
timing_CFQP1 0.462 4 0.347
timing_CFQP1 0.469 4 0.3471
timing_CFQP1 0.456 4 0.3473
timing_CFQP1 0.536 4 0.3474
timing_CFQP1 0.46 4 0.3475
timing_CFQP1 0.457 4 0.3477
timing_CFQP1 0.466 4 0.3478
timing_CFQP1 0.432 4 0.348
timing_CFQP1 0.467 4 0.3482
timing_CFQP1 0.465 4 0.3483
timing_CFQP1 0.458 4 0.3484
timing_CFQP1 0.456 4 0.3487
timing_CFQP1 0.46 4 0.3489
timing_CFQP1 0.457 4 0.349
timing_CFQP1 0.47 4 0.3491
timing_CFQP1 0.461 4 0.3492
timing_CFQP1 0.468 4 0.3493
timing_CFQP1 0.461 4 0.3495
timing_CFQP1 0.461 4 0.3496
timing_CFQP1 0.457 4 0.3498
timing_CFQP1 0.482 4 0.3499
timing_CFQP1 0.467 4 0.3501
timing_CFQP1 0.462 4 0.3502
timing_CFQP1 0.463 4 0.3503
timing_CFQP1 0.464 4 0.3505
timing_CFQP1 0.462 4 0.3506
timing_CFQP1 0.468 4 0.3507
timing_CFQP1 0.492 4 0.3509
timing_CFQP1 0.499 4 0.3513
timing_CFQP1 0.489 4 0.3514
timing_CFQP1 0.498 4 0.3516
timing_CFQP1 0.484 4 0.3517
timing_CFQP1 0.467 4 0.352
timing_CFQP1 0.455 4 0.3521
timing_CFQP1 0.559 4 0.3522
timing_CFQP1 0.464 4 0.3523
timing_CFQP1 0.462 4 0.3524
timing_CFQP1 0.461 4 0.3526
timing_CFQP1 0.462 4 0.3527
timing_CFQP1 0.464 4 0.3528
timing_CFQP1 0.466 4 0.3529
timing_CFQP1 0.409 4 0.3532
timing_CFQP1 0.464 4 0.3533
timing_CFQP1 0.456 4 0.3534
timing_CFQP1 0.461 4 0.3535
timing_CFQP1 0.461 4 0.3536
timing_CFQP1 0.463 4 0.3538
timing_CFQP1 0.477 4 0.3539
timing_CFQP1 0.475 4 0.3541
timing_CFQP1 0.481 4 0.3542
timing_CFQP1 0.47 4 0.3543
timing_CFQP1 0.474 4 0.3544
timing_CFQP1 0.48 4 0.3545
timing_CFQP1 0.473 4 0.3546
timing_CFQP1 0.473 4 0.3547
timing_CFQP1 0.47 4 0.3549
timing_CFQP1 0.472 4 0.355
timing_CFQP1 0.503 4 0.3553
timing_CFQP1 0.475 4 0.3555
timing_CFQP1 0.466 4 0.3556
timing_CFQP1 0.515 4 0.3557
timing_CFQP1 1.044 4 0.3558
timing_CFQP1 0.508 4 0.356
timing_CFQP1 0.492 4 0.3561
timing_CFQP1 0.494 4 0.3562
timing_CFQP1 0.495 4 0.3563
timing_CFQP1 0.475 4 0.3565
timing_CFQP1 0.475 4 0.3566
timing_CFQP1 0.464 4 0.3567
timing_CFQP1 0.475 4 0.3568
timing_CFQP1 0.441 4 0.357
timing_CFQP1 0.401 4 0.3571
timing_CFQP1 0.44 4 0.3573
timing_CFQP1 0.451 4 0.3575
timing_CFQP1 0.465 4 0.3577
timing_CFQP1 0.449 4 0.3578
timing_CFQP1 0.463 4 0.3579
timing_CFQP1 0.464 4 0.3582
timing_CFQP1 0.465 4 0.3583
timing_CFQP1 0.454 4 0.3584
timing_CFQP1 0.453 4 0.3587
timing_CFQP1 0.452 4 0.3588
timing_CFQP1 0.453 4 0.3589
timing_CFQP1 0.451 4 0.3591
timing_CFQP1 0.454 4 0.3593
timing_CFQP1 0.454 4 0.3594
timing_CFQP1 0.448 4 0.3595
timing_CFQP1 0.417 4 0.3598
timing_CFQP1 0.436 4 0.3599
timing_CFQP1 0.414 4 0.3601
timing_CFQP1 0.412 4 0.3602
timing_CFQP1 0.416 4 0.3603
timing_CFQP1 0.356 4 0.3604
timing_CFQP1 0.422 4 0.3606
timing_CFQP1 0.416 4 0.3608
timing_CFQP1 0.45 4 0.3609
timing_CFQP1 0.416 4 0.361
timing_CFQP1 0.457 4 0.3611
timing_CFQP1 0.42 4 0.3613
timing_CFQP1 0.41 4 0.3614
timing_CFQP1 0.418 4 0.3616
timing_CFQP1 0.408 4 0.3617
timing_CFQP1 0.399 4 0.3619
timing_CFQP1 0.395 4 0.3621
timing_CFQP1 0.404 4 0.3624
timing_CFQP1 0.4 4 0.3627
timing_CFQP1 0.402 4 0.3628
timing_CFQP1 0.354 4 0.3629
timing_CFQP1 0.403 4 0.3631
timing_CFQP1 0.383 4 0.3632
timing_CFQP1 0.399 4 0.3636
timing_CFQP1 0.402 4 0.3637
timing_CFQP1 0.405 4 0.364
timing_CFQP1 0.36 4 0.3642
timing_CFQP1 0.438 4 0.3644
timing_CFQP1 0.399 4 0.3646
timing_CFQP1 0.396 4 0.3647
timing_CFQP1 0.403 4 0.3649
timing_CFQP1 0.382 4 0.365
timing_CFQP1 0.401 4 0.3651
timing_CFQP1 0.404 4 0.3652
timing_CFQP1 0.4 4 0.3655
timing_CFQP1 0.397 4 0.3656
timing_CFQP1 0.401 4 0.3658
timing_CFQP1 0.395 4 0.366
timing_CFQP1 0.4 4 0.3661
timing_CFQP1 0.405 4 0.3664
timing_CFQP1 0.4 4 0.3665
timing_CFQP1 0.412 4 0.3666
timing_CFQP1 0.407 4 0.3668
timing_CFQP1 0.397 4 0.367
timing_CFQP1 0.401 4 0.3672
timing_CFQP1 0.527 4 0.3673
timing_CFQP1 0.401 4 0.3674
timing_CFQP1 0.381 4 0.3676
timing_CFQP1 0.445 4 0.3677
timing_CFQP1 0.411 4 0.3679
timing_CFQP1 0.401 4 0.368
timing_CFQP1 0.427 4 0.3681
timing_CFQP1 0.402 4 0.3682
timing_CFQP1 0.398 4 0.3685
timing_CFQP1 3.2 6 0.3686
timing_CFQP1 1.395 6 0.3688
timing_CFQP1 1.381 6 0.3689
timing_CFQP1 1.355 6 0.369
timing_CFQP1 1.374 6 0.3692
timing_CFQP1 1.39 6 0.3693
timing_CFQP1 2.161 6 0.3695
timing_CFQP1 2.135 6 0.3698
timing_CFQP1 2.141 6 0.3701
timing_CFQP1 2.303 6 0.3702
timing_CFQP1 2.115 6 0.3703
timing_CFQP1 2.116 6 0.3704
timing_CFQP1 1.953 6 0.3705
timing_CFQP1 1.858 6 0.3706
timing_CFQP1 1.742 6 0.3707
timing_CFQP1 2.408 6 0.371
timing_CFQP1 1.828 6 0.3712
timing_CFQP1 2.461 6 0.3713
timing_CFQP1 2.192 6 0.3714
timing_CFQP1 2.515 6 0.3715
timing_CFQP1 3.01 6 0.3716
timing_CFQP1 13.994 6 0.3717
timing_CFQP1 2.569 6 0.3718
timing_CFQP1 2.158 6 0.372
timing_CFQP1 2.002 6 0.3721
timing_CFQP1 2.007 6 0.3722
timing_CFQP1 1.873 6 0.3723
timing_CFQP1 2.108 6 0.3725
timing_CFQP1 1.766 6 0.3726
timing_CFQP1 1.396 6 0.3727
timing_CFQP1 1.36 6 0.3728
timing_CFQP1 1.355 6 0.3729
timing_CFQP1 1.427 6 0.373
timing_CFQP1 1.484 6 0.3732
timing_CFQP1 1.406 6 0.3733
timing_CFQP1 1.46 6 0.3734
timing_CFQP1 3.763 8 0.3735
timing_CFQP1 2.757 8 0.3736
timing_CFQP1 2.594 8 0.3738
timing_CFQP1 2.648 8 0.3739
timing_CFQP1 3.045 8 0.3741
timing_CFQP1 2.967 8 0.3742
timing_CFQP1 2.816 8 0.3744
timing_CFQP1 2.61 8 0.3746
timing_CFQP1 3.361 8 0.3748
timing_CFQP1 4.69 8 0.3749
timing_CFQP1 12.642 8 0.375
timing_CFQP1 2.917 8 0.3754
timing_CFQP1 3.287 8 0.3767
timing_CFQP1 3.844 8 0.3771
timing_CFQP1 4.584 8 0.3778
timing_CFQP1 5.126 8 0.3783
timing_CFQP1 19.556 8 0.3788
timing_CFQP1 5.772 8 0.3797
timing_CFQP1 5.902 8 0.38
timing_CFQP1 5.404 8 0.3806
timing_CFQP1 6.794 8 0.3814
timing_CFQP1 7.371 8 0.3821
timing_CFQP1 7.23 8 0.3824
timing_CFQP1 6.889 8 0.384
timing_CFQP1 8.745 8 0.3843
timing_CFQP1 6.621 8 0.385
timing_CFQP1 6.779 8 0.3851
timing_CFQP1 6.755 8 0.3862
timing_CFQP1 5.552 8 0.3868
timing_CFQP1 5.489 8 0.3871
timing_CFQP1 5.373 8 0.3875
timing_CFQP1 5.935 8 0.3877
timing_CFQP1 5.832 8 0.3881
timing_CFQP1 6.96 8 0.3888
timing_CFQP1 6.016 8 0.3898
timing_CFQP1 6.49 8 0.3906
timing_CFQP1 7.068 8 0.3907
timing_CFQP1 6.206 8 0.3915
timing_CFQP1 7.16 8 0.3921
timing_CFQP1 7.9 8 0.3926
timing_CFQP1 7.937 8 0.3929
timing_CFQP1 5.516 8 0.3936
timing_CFQP1 5.714 8 0.3938
timing_CFQP1 5.725 8 0.3946
timing_CFQP1 5.822 8 0.3949
timing_CFQP1 4.896 8 0.3953
timing_CFQP1 5.278 8 0.3957
timing_CFQP1 5.216 8 0.397
timing_CFQP1 4.243 8 0.3978
timing_CFQP1 5.122 8 0.3985
timing_CFQP1 5.187 8 0.3986
timing_CFQP1 4.496 8 0.3987
timing_CFQP1 5.451 8 0.3988
timing_CFQP1 4.62 8 0.3992
timing_CFQP1 6.224 8 0.3995
timing_CFQP1 7.638 8 0.3998
timing_CFQP1 20.272 12 0.4005
timing_CFQP1 96.605 12 0.4006
timing_CFQP1 19.5 12 0.401
timing_CFQP1 19.063 12 0.4015
timing_CFQP1 18.95 12 0.4023
timing_CFQP1 64.279 12 0.4036
timing_CFQP1 16.895 12 0.4041
timing_CFQP1 17.872 12 0.4047
timing_CFQP1 25.685 12 0.4054
timing_CFQP1 25.222 12 0.4057
timing_CFQP1 24.151 12 0.406
timing_CFQP1 19.975 12 0.4067
timing_CFQP1 22.474 12 0.4071
timing_CFQP1 70.62 12 0.4075
timing_CFQP1 22.182 12 0.4081
timing_CFQP1 22.302 12 0.4083
timing_CFQP1 22.341 12 0.4087
timing_CFQP1 23.592 12 0.4092
timing_CFQP1 23.651 12 0.4098
timing_CFQP1 24.148 12 0.4101
timing_CFQP1 23.961 12 0.4105
timing_CFQP1 24.215 12 0.4108
timing_CFQP1 26.536 12 0.4114
timing_CFQP1 26.076 12 0.4118
timing_CFQP1 81.681 12 0.4119
timing_CFQP1 25.957 12 0.4126
timing_CFQP1 32.248 12 0.4135
timing_CFQP1 30.674 12 0.4141
timing_CFQP1 138.229 12 0.4146
timing_CFQP1 26.079 12 0.4164
timing_CFQP1 110.661 12 0.4166
timing_CFQP1 19.889 12 0.4171
timing_CFQP1 18.813 12 0.4172
timing_CFQP1 21.603 12 0.4176
timing_CFQP1 20.546 12 0.418
timing_CFQP1 20.227 12 0.4183
timing_CFQP1 19.452 12 0.4187
timing_CFQP1 15.346 12 0.4194
timing_CFQP1 18.523 12 0.42
timing_CFQP1 20.027 12 0.4208
timing_CFQP1 14.437 12 0.4213
timing_CFQP1 13.765 12 0.4217
timing_CFQP1 13.96 12 0.4223
timing_CFQP1 13.963 12 0.4231
timing_CFQP1 13.982 12 0.4233
timing_CFQP1 13.758 12 0.4239
timing_CFQP1 14.611 12 0.4246
timing_CFQP1 14.421 12 0.4248
timing_CFQP1 31.538 12 0.4251
timing_CFQP1 37.133 12 0.4252
timing_CFQP1 14.039 12 0.4257
timing_CFQP1 14.923 12 0.4262
timing_CFQP1 14.025 12 0.4274
timing_CFQP1 61.416 12 0.4277
timing_CFQP1 51.936 12 0.4283
timing_CFQP1 17.387 12 0.4287
timing_CFQP1 15.904 12 0.4291
timing_CFQP1 16.927 12 0.4295
timing_CFQP1 17.074 12 0.43
timing_CFQP1 14.804 12 0.4308
timing_CFQP1 8.4 12 0.4314
timing_CFQP1 13.524 12 0.4321
timing_CFQP1 10.023 12 0.4325
timing_CFQP1 10.756 12 0.433
timing_CFQP1 12.248 12 0.4333
timing_CFQP1 13.209 12 0.4341
timing_CFQP1 10.418 12 0.4346
timing_CFQP1 5.792 12 0.4351
timing_CFQP1 16.404 12 0.4357
timing_CFQP1 15.616 12 0.436
timing_CFQP1 14.024 12 0.4364
timing_CFQP1 14.507 12 0.4367
timing_CFQP1 15.241 12 0.437
timing_CFQP1 15.972 12 0.4373
timing_CFQP1 15.555 12 0.4376
timing_CFQP1 14.884 12 0.4378
timing_CFQP1 17.306 12 0.4383
timing_CFQP1 52.257 12 0.4385
timing_CFQP1 8.84 12 0.4393
timing_CFQP1 5.864 12 0.4399
timing_CFQP1 8.342 12 0.4402
timing_CFQP1 9.11 12 0.4403
timing_CFQP1 8.301 12 0.4411
timing_CFQP1 7.968 12 0.4416
timing_CFQP1 10.621 12 0.4419
timing_CFQP1 8.756 12 0.4422
timing_CFQP1 8.6 12 0.4426
timing_CFQP1 6.965 12 0.4433
timing_CFQP1 5.441 12 0.4438
timing_CFQP1 6.929 12 0.4446
timing_CFQP1 6.212 12 0.4449
timing_CFQP1 5.566 12 0.4452
timing_CFQP1 5.391 12 0.4455
timing_CFQP1 5.357 12 0.4464
timing_CFQP1 5.63 12 0.4467
timing_CFQP1 5.346 12 0.448
timing_CFQP1 12.092 12 0.4482
timing_CFQP1 5.358 12 0.4485
timing_CFQP1 5.37 12 0.4488
timing_CFQP1 5.348 12 0.4494
timing_CFQP1 8.124 12 0.4502
timing_CFQP1 8.236 12 0.4503
timing_CFQP1 8.316 12 0.4505
timing_CFQP1 8.417 12 0.4506
timing_CFQP1 9.474 12 0.4507
timing_CFQP1 9.436 12 0.4508
timing_CFQP1 9.707 12 0.4509
timing_CFQP1 10.117 12 0.451
timing_CFQP1 9.557 12 0.4511
timing_CFQP1 8.165 12 0.4515
timing_CFQP1 8.19 12 0.4517
timing_CFQP1 8.084 12 0.4518
timing_CFQP1 9.152 12 0.4521
timing_CFQP1 5.622 12 0.4523
timing_CFQP1 5.344 12 0.4525
timing_CFQP1 7.849 12 0.4526
timing_CFQP1 7.859 12 0.4528
timing_CFQP1 8.189 12 0.4529
timing_CFQP1 7.872 12 0.453
timing_CFQP1 8.275 12 0.4532
timing_CFQP1 8.275 12 0.4533
timing_CFQP1 8.988 12 0.4534
timing_CFQP1 34.038 12 0.4535
timing_CFQP1 12.004 12 0.4536
timing_CFQP1 10.062 12 0.4538
timing_CFQP1 11.574 12 0.454
timing_CFQP1 12.123 12 0.4541
timing_CFQP1 11.772 12 0.4542
timing_CFQP1 9.815 12 0.4543
timing_CFQP1 9.158 12 0.4545
timing_CFQP1 9.164 12 0.4546
timing_CFQP1 9.187 12 0.4547
timing_CFQP1 8.562 12 0.4548
timing_CFQP1 7.986 12 0.4549
timing_CFQP1 8.225 12 0.4551
timing_CFQP1 10.397 12 0.4554
timing_CFQP1 9.181 12 0.4555
timing_CFQP1 2.846 9 0.4558
timing_CFQP1 2.886 9 0.4561
timing_CFQP1 3.192 9 0.4562
timing_CFQP1 2.856 9 0.4563
timing_CFQP1 1.386 6 0.4565
timing_CFQP1 1.331 6 0.4566
timing_CFQP1 1.393 6 0.4567
timing_CFQP1 1.408 6 0.4568
timing_CFQP1 1.444 6 0.457
timing_CFQP1 1.419 6 0.4571
timing_CFQP1 1.342 6 0.4572
timing_CFQP1 1.447 6 0.4573
timing_CFQP1 1.355 6 0.4575
timing_CFQP1 1.399 6 0.4576
timing_CFQP1 1.368 6 0.4577
timing_CFQP1 1.395 6 0.4578
timing_CFQP1 1.399 6 0.458
timing_CFQP1 1.415 6 0.4581
timing_CFQP1 1.376 6 0.4583
timing_CFQP1 1.389 6 0.4584
timing_CFQP1 1.499 6 0.4585
timing_CFQP1 1.524 6 0.4587
timing_CFQP1 1.561 6 0.459
timing_CFQP1 1.553 6 0.4591
timing_CFQP1 2.799 6 0.4592
timing_CFQP1 2.843 6 0.4593
timing_CFQP1 1.535 6 0.4595
timing_CFQP1 1.396 6 0.46
timing_CFQP1 1.38 6 0.4603
timing_CFQP1 1.409 6 0.4604
timing_CFQP1 1.443 6 0.4605
timing_CFQP1 1.402 6 0.4607
timing_CFQP1 1.42 6 0.4608
timing_CFQP1 1.376 6 0.4609
timing_CFQP1 1.499 6 0.461
timing_CFQP1 1.383 6 0.4611
timing_CFQP1 1.317 6 0.4613
timing_CFQP1 1.748 6 0.4614
timing_CFQP1 1.971 6 0.4617
timing_CFQP1 1.834 6 0.4618
timing_CFQP1 1.289 6 0.4622
timing_CFQP1 1.498 6 0.4623
timing_CFQP1 1.377 6 0.4624
timing_CFQP1 1.473 6 0.4626
timing_CFQP1 1.406 6 0.4628
timing_CFQP1 1.418 6 0.4629
timing_CFQP1 1.615 6 0.463
timing_CFQP1 1.553 6 0.4631
timing_CFQP1 1.642 6 0.4635
timing_CFQP1 1.475 6 0.4636
timing_CFQP1 1.49 6 0.4637
timing_CFQP1 1.573 6 0.4638
timing_CFQP1 1.558 6 0.4639
timing_CFQP1 1.537 6 0.4644
timing_CFQP1 1.584 6 0.4645
timing_CFQP1 1.49 6 0.4649
timing_CFQP1 1.637 6 0.465
timing_CFQP1 1.488 6 0.4653
timing_CFQP1 1.389 6 0.4654
timing_CFQP1 1.486 6 0.4656
timing_CFQP1 1.486 6 0.4657
timing_CFQP1 1.455 6 0.4659
timing_CFQP1 1.401 6 0.466
timing_CFQP1 1.395 6 0.4661
timing_CFQP1 1.544 6 0.4663
timing_CFQP1 1.455 6 0.4666
timing_CFQP1 1.563 6 0.4669
timing_CFQP1 1.584 6 0.467
timing_CFQP1 1.334 6 0.4671
timing_CFQP1 1.493 6 0.4673
timing_CFQP1 1.574 6 0.4674
timing_CFQP1 1.361 6 0.4676
timing_CFQP1 1.355 6 0.4679
timing_CFQP1 1.604 6 0.468
timing_CFQP1 1.443 6 0.4682
timing_CFQP1 1.336 6 0.4684
timing_CFQP1 1.571 6 0.4687
timing_CFQP1 1.399 6 0.4689
timing_CFQP1 1.454 6 0.469
timing_CFQP1 1.327 6 0.4691
timing_CFQP1 1.456 6 0.4692
timing_CFQP1 1.379 6 0.4694
timing_CFQP1 1.578 6 0.4696
timing_CFQP1 1.356 6 0.4697
timing_CFQP1 1.47 6 0.4698
timing_CFQP1 1.742 6 0.4699
timing_CFQP1 1.789 6 0.47
timing_CFQP1 1.346 6 0.4701
timing_CFQP1 1.336 6 0.4702
timing_CFQP1 1.405 6 0.4704
timing_CFQP1 1.337 6 0.4706
timing_CFQP1 1.313 6 0.4708
timing_CFQP1 1.508 6 0.4709
timing_CFQP1 1.599 6 0.4712
timing_CFQP1 1.474 6 0.4713
timing_CFQP1 1.592 6 0.4714
timing_CFQP1 1.568 6 0.4715
timing_CFQP1 1.483 6 0.4718
timing_CFQP1 1.523 6 0.4719
timing_CFQP1 1.503 6 0.472
timing_CFQP1 2.018 6 0.4724
timing_CFQP1 1.962 6 0.4725
timing_CFQP1 1.655 6 0.4728
timing_CFQP1 1.535 6 0.4729
timing_CFQP1 1.528 6 0.4731
timing_CFQP1 1.88 6 0.4732
timing_CFQP1 1.737 6 0.4734
timing_CFQP1 1.499 6 0.4736
timing_CFQP1 1.545 6 0.4737
timing_CFQP1 1.807 6 0.4738
timing_CFQP1 1.534 6 0.474
timing_CFQP1 1.53 6 0.4742
timing_CFQP1 1.815 6 0.4743
timing_CFQP1 1.525 6 0.4744
timing_CFQP1 1.605 6 0.4747
timing_CFQP1 1.872 6 0.4748
timing_CFQP1 1.604 6 0.4751
timing_CFQP1 1.622 6 0.4752
timing_CFQP1 1.592 6 0.4754
timing_CFQP1 2.274 6 0.4755
timing_CFQP1 2.159 6 0.4757
timing_CFQP1 2.007 6 0.4758
timing_CFQP1 2.726 6 0.476
timing_CFQP1 2.644 6 0.4762
timing_CFQP1 2.92 6 0.4763
timing_CFQP1 2.86 6 0.4764
timing_CFQP1 2.583 6 0.4766
timing_CFQP1 3.183 6 0.4767
timing_CFQP1 2.37 6 0.4768
timing_CFQP1 2.703 6 0.477
timing_CFQP1 2.596 6 0.4772
timing_CFQP1 2.618 6 0.4774
timing_CFQP1 3.343 6 0.4776
timing_CFQP1 2.557 6 0.4777
timing_CFQP1 2.918 6 0.4778
timing_CFQP1 2.652 6 0.4779
timing_CFQP1 2.741 6 0.478
timing_CFQP1 2.692 6 0.4781
timing_CFQP1 2.77 6 0.4783
timing_CFQP1 2.589 6 0.4784
timing_CFQP1 2.631 6 0.4785
timing_CFQP1 2.855 6 0.4786
timing_CFQP1 2.472 6 0.4787
timing_CFQP1 2.758 6 0.4788
timing_CFQP1 2.551 6 0.479
timing_CFQP1 2.73 6 0.4791
timing_CFQP1 2.933 6 0.4793
timing_CFQP1 2.308 6 0.4794
timing_CFQP1 2.152 6 0.4795
timing_CFQP1 2.16 6 0.4797
timing_CFQP1 2.791 6 0.4799
timing_CFQP1 2.588 6 0.48
timing_CFQP1 2.337 6 0.4801
timing_CFQP1 2.193 6 0.4802
timing_CFQP1 2.408 6 0.4803
timing_CFQP1 2.662 6 0.4804
timing_CFQP1 2.17 6 0.4805
timing_CFQP1 2.996 6 0.4809
timing_CFQP1 2.238 6 0.481
timing_CFQP1 2.281 6 0.4811
timing_CFQP1 2.181 6 0.4813
timing_CFQP1 2.528 6 0.4814
timing_CFQP1 2.321 6 0.4815
timing_CFQP1 2.123 6 0.4817
timing_CFQP1 2.381 6 0.4818
timing_CFQP1 2.28 6 0.482
timing_CFQP1 2.293 6 0.4822
timing_CFQP1 2.708 6 0.4823
timing_CFQP1 2.557 6 0.4824
timing_CFQP1 2.594 6 0.4828
timing_CFQP1 2.753 6 0.4829
timing_CFQP1 2.563 6 0.483
timing_CFQP1 2.625 6 0.4831
timing_CFQP1 2.561 6 0.4833
timing_CFQP1 2.809 6 0.4834
timing_CFQP1 2.328 6 0.4835
timing_CFQP1 2.197 6 0.4837
timing_CFQP1 2.231 6 0.4838
timing_CFQP1 2.64 6 0.4839
timing_CFQP1 2.631 6 0.484
timing_CFQP1 2.464 6 0.4842
timing_CFQP1 2.182 6 0.4843
timing_CFQP1 2.149 6 0.4844
timing_CFQP1 2.15 6 0.4845
timing_CFQP1 2.256 6 0.4846
timing_CFQP1 2.205 6 0.4848
timing_CFQP1 2.323 6 0.4852
timing_CFQP1 2.263 6 0.4853
timing_CFQP1 2.646 6 0.4854
timing_CFQP1 2.29 6 0.4855
timing_CFQP1 2.659 6 0.4856
timing_CFQP1 2.654 6 0.4858
timing_CFQP1 2.736 6 0.4859
timing_CFQP1 2.77 6 0.486
timing_CFQP1 2.574 6 0.4861
timing_CFQP1 2.464 6 0.4862
timing_CFQP1 2.836 6 0.4865
timing_CFQP1 2.58 6 0.4867
timing_CFQP1 2.649 6 0.4868
timing_CFQP1 2.104 6 0.4869
timing_CFQP1 2.306 6 0.487
timing_CFQP1 2.435 6 0.4872
timing_CFQP1 2.842 6 0.4873
timing_CFQP1 2.105 6 0.4876
timing_CFQP1 2.898 6 0.4877
timing_CFQP1 2.147 6 0.4878
timing_CFQP1 2.441 6 0.488
timing_CFQP1 2.254 6 0.4881
timing_CFQP1 2.455 6 0.4882
timing_CFQP1 2.204 6 0.4883
timing_CFQP1 2.124 6 0.4884
timing_CFQP1 2.806 6 0.4886
timing_CFQP1 2.144 6 0.4887
timing_CFQP1 1.937 6 0.4889
timing_CFQP1 2.159 6 0.4891
timing_CFQP1 2.578 6 0.4893
timing_CFQP1 2.266 6 0.4895
timing_CFQP1 2.267 6 0.4896
timing_CFQP1 2.345 6 0.4899
timing_CFQP1 2.381 6 0.49
timing_CFQP1 2.275 6 0.4901
timing_CFQP1 2.248 6 0.4902
timing_CFQP1 2.295 6 0.4904
timing_CFQP1 2.32 6 0.4905
timing_CFQP1 2.808 6 0.4906
timing_CFQP1 2.196 6 0.4907
timing_CFQP1 2.459 6 0.4911
timing_CFQP1 2.326 6 0.4913
timing_CFQP1 2.43 6 0.4915
timing_CFQP1 2.308 6 0.4917
timing_CFQP1 2.117 6 0.4919
timing_CFQP1 2.25 6 0.492
timing_CFQP1 2.173 6 0.4923
timing_CFQP1 2.172 6 0.4925
timing_CFQP1 2.108 6 0.4927
timing_CFQP1 2.19 6 0.4928
timing_CFQP1 2.098 6 0.4929
timing_CFQP1 2.22 6 0.493
timing_CFQP1 2.161 6 0.4932
timing_CFQP1 2.167 6 0.4936
timing_CFQP1 2.522 6 0.4937
timing_CFQP1 2.206 6 0.4938
timing_CFQP1 2.177 6 0.4939
timing_CFQP1 1.554 6 0.494
timing_CFQP1 1.429 6 0.4941
timing_CFQP1 1.489 6 0.4943
timing_CFQP1 2.597 6 0.4945
timing_CFQP1 2.256 6 0.4946
timing_CFQP1 2.085 6 0.4947
timing_CFQP1 2.051 6 0.4949
timing_CFQP1 2.055 6 0.4951
timing_CFQP1 2.156 6 0.4952
timing_CFQP1 2.03 6 0.4953
timing_CFQP1 2.118 6 0.4954
timing_CFQP1 2.071 6 0.4955
timing_CFQP1 2.069 6 0.4956
timing_CFQP1 2.045 6 0.4958
timing_CFQP1 2.373 6 0.4959
timing_CFQP1 1.412 6 0.4961
timing_CFQP1 1.797 6 0.4962
timing_CFQP1 4.657 6 0.4963
timing_CFQP1 1.942 6 0.4964
timing_CFQP1 1.923 6 0.4965
timing_CFQP1 1.816 6 0.4966
timing_CFQP1 1.337 6 0.4968
timing_CFQP1 1.319 6 0.4969
timing_CFQP1 1.377 6 0.497
timing_CFQP1 1.347 6 0.4971
timing_CFQP1 1.375 6 0.4972
timing_CFQP1 1.304 6 0.4977
timing_CFQP1 1.458 6 0.4979
timing_CFQP1 1.288 6 0.4981
timing_CFQP1 1.334 6 0.4984
timing_CFQP1 1.37 6 0.4985
timing_CFQP1 1.311 6 0.4986
timing_CFQP1 1.345 6 0.4987
timing_CFQP1 1.331 6 0.4991
timing_CFQP1 1.405 6 0.4992
timing_CFQP1 1.452 6 0.4993
timing_CFQP1 1.276 6 0.4994
timing_CFQP1 1.35 6 0.4997
timing_CFQP1 1.288 6 0.5
timing_CFQP1 1.352 6 0.5001
timing_CFQP1 1.292 6 0.5003
timing_CFQP1 1.384 6 0.5006
timing_CFQP1 1.317 6 0.5007
timing_CFQP1 1.401 6 0.5008
timing_CFQP1 1.522 6 0.5009
timing_CFQP1 1.411 6 0.501
timing_CFQP1 1.934 6 0.5011
timing_CFQP1 1.586 6 0.5012
timing_CFQP1 1.667 6 0.5014
timing_CFQP1 1.833 6 0.5015
timing_CFQP1 1.792 6 0.5016
timing_CFQP1 1.703 6 0.5018
timing_CFQP1 1.767 6 0.5019
timing_CFQP1 1.66 6 0.502
timing_CFQP1 1.394 6 0.5022
timing_CFQP1 1.263 6 0.5023
timing_CFQP1 1.353 6 0.5024
timing_CFQP1 1.338 6 0.5026
timing_CFQP1 1.194 6 0.5028
timing_CFQP1 1.319 6 0.5029
timing_CFQP1 1.333 6 0.5031
timing_CFQP1 1.369 6 0.5033
timing_CFQP1 1.44 6 0.5034
timing_CFQP1 1.409 6 0.5035
timing_CFQP1 1.335 6 0.5036
timing_CFQP1 1.319 6 0.5037
timing_CFQP1 1.264 6 0.5038
timing_CFQP1 1.275 6 0.504
timing_CFQP1 1.319 6 0.5041
timing_CFQP1 1.394 6 0.5042
timing_CFQP1 1.368 6 0.5043
timing_CFQP1 1.334 6 0.5044
timing_CFQP1 1.331 6 0.5045
timing_CFQP1 1.312 6 0.5046
timing_CFQP1 1.474 6 0.5047
timing_CFQP1 1.539 6 0.5048
timing_CFQP1 1.401 6 0.505
timing_CFQP1 1.436 6 0.5051
timing_CFQP1 1.533 6 0.5053
timing_CFQP1 1.548 6 0.5054
timing_CFQP1 1.395 6 0.5055
timing_CFQP1 1.42 6 0.5057
timing_CFQP1 1.51 6 0.5059
timing_CFQP1 1.803 6 0.506
timing_CFQP1 1.455 6 0.5061
timing_CFQP1 1.401 6 0.5062
timing_CFQP1 1.521 6 0.5063
timing_CFQP1 1.568 6 0.5065
timing_CFQP1 1.374 6 0.5068
timing_CFQP1 1.376 6 0.5069
timing_CFQP1 1.495 6 0.5073
timing_CFQP1 1.408 6 0.5074
timing_CFQP1 1.872 6 0.5076
timing_CFQP1 1.887 6 0.5078
timing_CFQP1 1.981 6 0.5079
timing_CFQP1 7.223 6 0.5081
timing_CFQP1 1.683 6 0.5082
timing_CFQP1 1.864 6 0.5083
timing_CFQP1 8.009 6 0.5085
timing_CFQP1 1.537 6 0.5087
timing_CFQP1 4.125 6 0.5088
timing_CFQP1 1.518 6 0.5089
timing_CFQP1 1.498 6 0.5091
timing_CFQP1 1.583 6 0.5093
timing_CFQP1 1.527 6 0.5094
timing_CFQP1 1.648 6 0.5095
timing_CFQP1 1.426 6 0.5097
timing_CFQP1 1.371 6 0.5098
timing_CFQP1 1.363 6 0.5099
timing_CFQP1 1.612 6 0.5101
timing_CFQP1 1.455 6 0.5102
timing_CFQP1 1.42 6 0.5103
timing_CFQP1 1.3 6 0.5104
timing_CFQP1 1.302 6 0.5105
timing_CFQP1 1.282 6 0.5106
timing_CFQP1 1.314 6 0.5108
timing_CFQP1 1.346 6 0.5109
timing_CFQP1 1.238 6 0.5111
timing_CFQP1 1.294 6 0.5112
timing_CFQP1 1.382 6 0.5114
timing_CFQP1 1.382 6 0.5115
timing_CFQP1 1.384 6 0.5116
timing_CFQP1 1.363 6 0.5117
timing_CFQP1 1.316 6 0.5119
timing_CFQP1 1.386 6 0.512
timing_CFQP1 1.385 6 0.5121
timing_CFQP1 1.315 6 0.5122
timing_CFQP1 1.454 6 0.5123
timing_CFQP1 1.593 6 0.5124
timing_CFQP1 1.436 6 0.5125
timing_CFQP1 1.44 6 0.5126
timing_CFQP1 1.341 6 0.5129
timing_CFQP1 1.437 6 0.513
timing_CFQP1 1.528 6 0.5131
timing_CFQP1 1.628 6 0.5132
timing_CFQP1 1.549 6 0.5133
timing_CFQP1 1.373 6 0.5135
timing_CFQP1 1.368 6 0.5137
timing_CFQP1 1.535 6 0.5138
timing_CFQP1 1.274 6 0.5139
timing_CFQP1 1.391 6 0.5141
timing_CFQP1 1.46 6 0.5143
timing_CFQP1 1.28 6 0.5144
timing_CFQP1 1.449 6 0.5146
timing_CFQP1 1.464 6 0.5148
timing_CFQP1 1.474 6 0.5152
timing_CFQP1 1.472 6 0.5153
timing_CFQP1 1.534 6 0.5154
timing_CFQP1 1.461 6 0.5155
timing_CFQP1 1.558 6 0.5156
timing_CFQP1 1.58 6 0.5157
timing_CFQP1 1.479 6 0.5159
timing_CFQP1 1.552 6 0.5162
timing_CFQP1 1.452 6 0.5163
timing_CFQP1 1.888 6 0.5165
timing_CFQP1 1.956 6 0.5166
timing_CFQP1 1.963 6 0.5167
timing_CFQP1 2.027 6 0.5168
timing_CFQP1 1.994 6 0.517
timing_CFQP1 2.057 6 0.5172
timing_CFQP1 2.001 6 0.5174
timing_CFQP1 2.214 6 0.5176
timing_CFQP1 2.057 6 0.5178
timing_CFQP1 2.245 6 0.518
timing_CFQP1 2.028 6 0.5181
timing_CFQP1 2.033 6 0.5182
timing_CFQP1 2.15 6 0.5183
timing_CFQP1 2.95 6 0.5186
timing_CFQP1 2.68 6 0.5188
timing_CFQP1 2.666 6 0.5189
timing_CFQP1 2.135 6 0.5192
timing_CFQP1 1.973 6 0.5193
timing_CFQP1 2.396 6 0.5194
timing_CFQP1 2.116 6 0.5195
timing_CFQP1 2.721 6 0.5196
timing_CFQP1 2.117 6 0.5198
timing_CFQP1 2.382 6 0.5199
timing_CFQP1 6.903 9 0.5202
timing_CFQP1 2.548 9 0.5204
timing_CFQP1 2.579 9 0.5205
timing_CFQP1 2.961 9 0.5206
timing_CFQP1 3.047 9 0.5208
timing_CFQP1 2.957 9 0.521
timing_CFQP1 4.764 9 0.5211
timing_CFQP1 3.086 9 0.5212
timing_CFQP1 3.118 9 0.5213
timing_CFQP1 3.706 9 0.5214
timing_CFQP1 3.184 9 0.5216
timing_CFQP1 3.218 9 0.5218
timing_CFQP1 3.232 9 0.5219
timing_CFQP1 3.37 9 0.522
timing_CFQP1 2.105 9 0.5222
timing_CFQP1 2.491 9 0.5223
timing_CFQP1 2.932 9 0.5224
timing_CFQP1 3.271 9 0.5225
timing_CFQP1 9.188 12 0.5226
timing_CFQP1 9.919 12 0.5227
timing_CFQP1 9.224 12 0.5228
timing_CFQP1 9.31 12 0.5229
timing_CFQP1 9.842 12 0.5231
timing_CFQP1 12.139 12 0.5234
timing_CFQP1 11.613 12 0.5237
timing_CFQP1 60.726 12 0.5238
timing_CFQP1 14.041 12 0.5239
timing_CFQP1 10.879 12 0.5241
timing_CFQP1 10.489 12 0.5242
timing_CFQP1 11.204 12 0.5245
timing_CFQP1 10.386 12 0.5246
timing_CFQP1 10.333 12 0.5247
timing_CFQP1 9.968 12 0.525
timing_CFQP1 6.911 12 0.5255
timing_CFQP1 6.864 12 0.5257
timing_CFQP1 6.831 12 0.5258
timing_CFQP1 9.425 12 0.5266
timing_CFQP1 9.321 12 0.5269
timing_CFQP1 9.699 12 0.5275
timing_CFQP1 9.652 12 0.5278
timing_CFQP1 12.294 12 0.5283
timing_CFQP1 12.73 12 0.5286
timing_CFQP1 13.755 12 0.5291
timing_CFQP1 18.588 12 0.5295
timing_CFQP1 20.021 12 0.5296
timing_CFQP1 398.094 12 0.53
timing_CFQP1 14.216 12 0.5305
timing_CFQP1 13.677 12 0.5309
timing_CFQP1 16.436 12 0.5311
timing_CFQP1 21.242 12 0.5317
timing_CFQP1 21.796 12 0.5323
timing_CFQP1 19.066 12 0.5325
timing_CFQP1 22.867 12 0.5327
timing_CFQP1 25.629 12 0.5329
timing_CFQP1 19.928 12 0.5336
timing_CFQP1 19.276 12 0.5339
timing_CFQP1 19.296 12 0.5345
timing_CFQP1 19.096 12 0.5349
timing_CFQP1 15.167 12 0.5357
timing_CFQP1 16.089 12 0.5359
timing_CFQP1 16.44 12 0.5361
timing_CFQP1 15.688 12 0.5365
timing_CFQP1 65.169 12 0.5374
timing_CFQP1 19.551 12 0.5384
timing_CFQP1 15.83 12 0.5394
timing_CFQP1 17.575 12 0.5404
timing_CFQP1 17.042 12 0.5409
timing_CFQP1 17.224 12 0.5426
timing_CFQP1 17.413 12 0.5427
timing_CFQP1 17.344 12 0.5429
timing_CFQP1 16.243 12 0.5442
timing_CFQP1 17.09 12 0.5447
timing_CFQP1 15.786 12 0.5456
timing_CFQP1 18.726 12 0.5461
timing_CFQP1 16.559 12 0.5464
timing_CFQP1 16.571 12 0.5474
timing_CFQP1 8.86 12 0.548
timing_CFQP1 11.372 12 0.5486
timing_CFQP1 16.089 12 0.5492
timing_CFQP1 14.863 12 0.5497
timing_CFQP1 14.752 12 0.5503
timing_CFQP1 14.84 12 0.5506
timing_CFQP1 10.846 12 0.5512
timing_CFQP1 13.059 12 0.552
timing_CFQP1 11.973 12 0.5532
timing_CFQP1 20.04 12 0.5539
timing_CFQP1 22.717 12 0.5543
timing_CFQP1 20.61 12 0.5544
timing_CFQP1 24.035 12 0.5549
timing_CFQP1 22.672 12 0.5553
